[15-Sep-2015 12:08:30 UTC] PHP Parse error:  syntax error, unexpected 'session_destroy' (T_STRING) in /home/ubuntu/workspace/Prokop/krestTaskRunner/php/logout.php on line 3
[15-Sep-2015 12:08:51 UTC] PHP Parse error:  syntax error, unexpected 'require' (T_REQUIRE) in /home/ubuntu/workspace/Prokop/krestTaskRunner/php/logout.php on line 2
[15-Sep-2015 12:09:15 UTC] PHP Parse error:  syntax error, unexpected 'session_destroy' (T_STRING) in /home/ubuntu/workspace/Prokop/krestTaskRunner/php/logout.php on line 3
[15-Sep-2015 12:09:24 UTC] PHP Warning:  require(php/redirect.php): failed to open stream: No such file or directory in /home/ubuntu/workspace/Prokop/krestTaskRunner/php/logout.php on line 2
[15-Sep-2015 12:09:24 UTC] PHP Stack trace:
[15-Sep-2015 12:09:24 UTC] PHP   1. {main}() /home/ubuntu/workspace/Prokop/krestTaskRunner/php/logout.php:0
[15-Sep-2015 12:09:24 UTC] PHP Fatal error:  require(): Failed opening required 'php/redirect.php' (include_path='.:/usr/share/php:/usr/share/pear') in /home/ubuntu/workspace/Prokop/krestTaskRunner/php/logout.php on line 2
[15-Sep-2015 12:09:24 UTC] PHP Stack trace:
[15-Sep-2015 12:09:24 UTC] PHP   1. {main}() /home/ubuntu/workspace/Prokop/krestTaskRunner/php/logout.php:0
[15-Sep-2015 12:09:28 UTC] PHP Warning:  require(php/redirect.php): failed to open stream: No such file or directory in /home/ubuntu/workspace/Prokop/krestTaskRunner/php/logout.php on line 2
[15-Sep-2015 12:09:28 UTC] PHP Stack trace:
[15-Sep-2015 12:09:28 UTC] PHP   1. {main}() /home/ubuntu/workspace/Prokop/krestTaskRunner/php/logout.php:0
[15-Sep-2015 12:09:28 UTC] PHP Fatal error:  require(): Failed opening required 'php/redirect.php' (include_path='.:/usr/share/php:/usr/share/pear') in /home/ubuntu/workspace/Prokop/krestTaskRunner/php/logout.php on line 2
[15-Sep-2015 12:09:28 UTC] PHP Stack trace:
[15-Sep-2015 12:09:28 UTC] PHP   1. {main}() /home/ubuntu/workspace/Prokop/krestTaskRunner/php/logout.php:0
[15-Sep-2015 13:03:45 UTC] PHP Fatal error:  Call to a member function query() on a non-object in /home/ubuntu/workspace/Prokop/krestTaskRunner/php/db_init.php on line 5
[15-Sep-2015 13:03:45 UTC] PHP Stack trace:
[15-Sep-2015 13:03:45 UTC] PHP   1. {main}() /home/ubuntu/workspace/Prokop/krestTaskRunner/php/db_init.php:0
[15-Sep-2015 13:05:49 UTC] PHP Warning:  mysqli_result::fetch_assoc() expects exactly 0 parameters, 1 given in /home/ubuntu/workspace/Prokop/krestTaskRunner/php/db_init.php on line 9
[15-Sep-2015 13:05:49 UTC] PHP Stack trace:
[15-Sep-2015 13:05:49 UTC] PHP   1. {main}() /home/ubuntu/workspace/Prokop/krestTaskRunner/php/db_init.php:0
[15-Sep-2015 13:05:49 UTC] PHP   2. mysqli_result->fetch_assoc() /home/ubuntu/workspace/Prokop/krestTaskRunner/php/db_init.php:9
[15-Sep-2015 13:28:39 UTC] PHP Parse error:  syntax error, unexpected '"', expecting identifier (T_STRING) or variable (T_VARIABLE) or number (T_NUM_STRING) in /home/ubuntu/workspace/Prokop/krestTaskRunner/php/db_init.php on line 12
[18-Sep-2015 09:16:07 UTC] PHP Warning:  require_once(db_connect): failed to open stream: No such file or directory in /home/ubuntu/workspace/Prokop/krestTaskRunner/admin/index.php on line 8
[18-Sep-2015 09:16:07 UTC] PHP Stack trace:
[18-Sep-2015 09:16:07 UTC] PHP   1. {main}() /home/ubuntu/workspace/Prokop/krestTaskRunner/admin/index.php:0
[18-Sep-2015 09:16:07 UTC] PHP Fatal error:  require_once(): Failed opening required 'db_connect' (include_path='.:/usr/share/php:/usr/share/pear') in /home/ubuntu/workspace/Prokop/krestTaskRunner/admin/index.php on line 8
[18-Sep-2015 09:16:07 UTC] PHP Stack trace:
[18-Sep-2015 09:16:07 UTC] PHP   1. {main}() /home/ubuntu/workspace/Prokop/krestTaskRunner/admin/index.php:0
[18-Sep-2015 09:16:19 UTC] PHP Warning:  require_once(db_connect): failed to open stream: No such file or directory in /home/ubuntu/workspace/Prokop/krestTaskRunner/admin/index.php on line 8
[18-Sep-2015 09:16:19 UTC] PHP Stack trace:
[18-Sep-2015 09:16:19 UTC] PHP   1. {main}() /home/ubuntu/workspace/Prokop/krestTaskRunner/admin/index.php:0
[18-Sep-2015 09:16:19 UTC] PHP Fatal error:  require_once(): Failed opening required 'db_connect' (include_path='.:/usr/share/php:/usr/share/pear') in /home/ubuntu/workspace/Prokop/krestTaskRunner/admin/index.php on line 8
[18-Sep-2015 09:16:19 UTC] PHP Stack trace:
[18-Sep-2015 09:16:19 UTC] PHP   1. {main}() /home/ubuntu/workspace/Prokop/krestTaskRunner/admin/index.php:0
[18-Sep-2015 09:16:20 UTC] PHP Warning:  require_once(db_connect): failed to open stream: No such file or directory in /home/ubuntu/workspace/Prokop/krestTaskRunner/admin/index.php on line 8
[18-Sep-2015 09:16:20 UTC] PHP Stack trace:
[18-Sep-2015 09:16:20 UTC] PHP   1. {main}() /home/ubuntu/workspace/Prokop/krestTaskRunner/admin/index.php:0
[18-Sep-2015 09:16:20 UTC] PHP Fatal error:  require_once(): Failed opening required 'db_connect' (include_path='.:/usr/share/php:/usr/share/pear') in /home/ubuntu/workspace/Prokop/krestTaskRunner/admin/index.php on line 8
[18-Sep-2015 09:16:20 UTC] PHP Stack trace:
[18-Sep-2015 09:16:20 UTC] PHP   1. {main}() /home/ubuntu/workspace/Prokop/krestTaskRunner/admin/index.php:0
[18-Sep-2015 09:16:39 UTC] PHP Warning:  require_once(../php/db_connect): failed to open stream: No such file or directory in /home/ubuntu/workspace/Prokop/krestTaskRunner/admin/index.php on line 8
[18-Sep-2015 09:16:39 UTC] PHP Stack trace:
[18-Sep-2015 09:16:39 UTC] PHP   1. {main}() /home/ubuntu/workspace/Prokop/krestTaskRunner/admin/index.php:0
[18-Sep-2015 09:16:39 UTC] PHP Fatal error:  require_once(): Failed opening required '../php/db_connect' (include_path='.:/usr/share/php:/usr/share/pear') in /home/ubuntu/workspace/Prokop/krestTaskRunner/admin/index.php on line 8
[18-Sep-2015 09:16:39 UTC] PHP Stack trace:
[18-Sep-2015 09:16:39 UTC] PHP   1. {main}() /home/ubuntu/workspace/Prokop/krestTaskRunner/admin/index.php:0
[18-Sep-2015 09:20:46 UTC] PHP Fatal error:  Call to a member function fetch_all() on a non-object in /home/ubuntu/workspace/Prokop/krestTaskRunner/admin/index.php on line 13
[18-Sep-2015 09:20:46 UTC] PHP Stack trace:
[18-Sep-2015 09:20:46 UTC] PHP   1. {main}() /home/ubuntu/workspace/Prokop/krestTaskRunner/admin/index.php:0
[23-Sep-2015 11:14:34 UTC] PHP Warning:  scandir(../taks): failed to open dir: No such file or directory in /home/ubuntu/workspace/Prokop/ISACwc/cabin/index.php on line 5
[23-Sep-2015 11:14:34 UTC] PHP Stack trace:
[23-Sep-2015 11:14:34 UTC] PHP   1. {main}() /home/ubuntu/workspace/Prokop/ISACwc/cabin/index.php:0
[23-Sep-2015 11:14:34 UTC] PHP   2. scandir() /home/ubuntu/workspace/Prokop/ISACwc/cabin/index.php:5
[23-Sep-2015 11:14:34 UTC] PHP Warning:  scandir(): (errno 2): No such file or directory in /home/ubuntu/workspace/Prokop/ISACwc/cabin/index.php on line 5
[23-Sep-2015 11:14:34 UTC] PHP Stack trace:
[23-Sep-2015 11:14:34 UTC] PHP   1. {main}() /home/ubuntu/workspace/Prokop/ISACwc/cabin/index.php:0
[23-Sep-2015 11:14:34 UTC] PHP   2. scandir() /home/ubuntu/workspace/Prokop/ISACwc/cabin/index.php:5
[23-Sep-2015 11:26:19 UTC] PHP Parse error:  syntax error, unexpected 'for' (T_FOR), expecting ',' or ';' in /home/ubuntu/workspace/Prokop/ISACwc/cabin/index.php on line 17
[23-Sep-2015 11:42:13 UTC] PHP Fatal error:  Call to undefined function getTaskCondition() in /home/ubuntu/workspace/Prokop/ISACwc/cabin/index.php on line 30
[23-Sep-2015 11:42:13 UTC] PHP Stack trace:
[23-Sep-2015 11:42:13 UTC] PHP   1. {main}() /home/ubuntu/workspace/Prokop/ISACwc/cabin/index.php:0
[23-Sep-2015 11:42:18 UTC] PHP Fatal error:  Call to undefined function getTaskCondition() in /home/ubuntu/workspace/Prokop/ISACwc/cabin/index.php on line 30
[23-Sep-2015 11:42:18 UTC] PHP Stack trace:
[23-Sep-2015 11:42:18 UTC] PHP   1. {main}() /home/ubuntu/workspace/Prokop/ISACwc/cabin/index.php:0
[23-Sep-2015 11:42:23 UTC] PHP Fatal error:  Call to undefined function getTaskCondition() in /home/ubuntu/workspace/Prokop/ISACwc/cabin/index.php on line 30
[23-Sep-2015 11:42:23 UTC] PHP Stack trace:
[23-Sep-2015 11:42:23 UTC] PHP   1. {main}() /home/ubuntu/workspace/Prokop/ISACwc/cabin/index.php:0
[23-Sep-2015 12:25:49 UTC] PHP Warning:  file_get_contents(../tasks/l): failed to open stream: No such file or directory in /home/ubuntu/workspace/Prokop/ISACwc/cabin/index.php on line 10
[23-Sep-2015 12:25:49 UTC] PHP Stack trace:
[23-Sep-2015 12:25:49 UTC] PHP   1. {main}() /home/ubuntu/workspace/Prokop/ISACwc/cabin/index.php:0
[23-Sep-2015 12:25:49 UTC] PHP   2. json_read() /home/ubuntu/workspace/Prokop/ISACwc/cabin/index.php:19
[23-Sep-2015 12:25:49 UTC] PHP   3. file_get_contents() /home/ubuntu/workspace/Prokop/ISACwc/cabin/index.php:10
[23-Sep-2015 12:30:43 UTC] PHP Warning:  Missing argument 1 for json_write(), called in /home/ubuntu/workspace/Prokop/ISACwc/cabin/index.php on line 53 and defined in /home/ubuntu/workspace/Prokop/ISACwc/cabin/index.php on line 14
[23-Sep-2015 12:30:43 UTC] PHP Stack trace:
[23-Sep-2015 12:30:43 UTC] PHP   1. {main}() /home/ubuntu/workspace/Prokop/ISACwc/cabin/index.php:0
[23-Sep-2015 12:30:43 UTC] PHP   2. json_write() /home/ubuntu/workspace/Prokop/ISACwc/cabin/index.php:53
[23-Sep-2015 12:30:43 UTC] PHP Warning:  Missing argument 2 for json_write(), called in /home/ubuntu/workspace/Prokop/ISACwc/cabin/index.php on line 53 and defined in /home/ubuntu/workspace/Prokop/ISACwc/cabin/index.php on line 14
[23-Sep-2015 12:30:43 UTC] PHP Stack trace:
[23-Sep-2015 12:30:43 UTC] PHP   1. {main}() /home/ubuntu/workspace/Prokop/ISACwc/cabin/index.php:0
[23-Sep-2015 12:30:43 UTC] PHP   2. json_write() /home/ubuntu/workspace/Prokop/ISACwc/cabin/index.php:53
[23-Sep-2015 12:30:43 UTC] PHP Warning:  file_put_contents(../tasks/): failed to open stream: Is a directory in /home/ubuntu/workspace/Prokop/ISACwc/cabin/index.php on line 16
[23-Sep-2015 12:30:43 UTC] PHP Stack trace:
[23-Sep-2015 12:30:43 UTC] PHP   1. {main}() /home/ubuntu/workspace/Prokop/ISACwc/cabin/index.php:0
[23-Sep-2015 12:30:43 UTC] PHP   2. json_write() /home/ubuntu/workspace/Prokop/ISACwc/cabin/index.php:53
[23-Sep-2015 12:30:43 UTC] PHP   3. file_put_contents() /home/ubuntu/workspace/Prokop/ISACwc/cabin/index.php:16
[23-Sep-2015 12:31:37 UTC] PHP Warning:  Missing argument 1 for json_write(), called in /home/ubuntu/workspace/Prokop/ISACwc/cabin/index.php on line 54 and defined in /home/ubuntu/workspace/Prokop/ISACwc/cabin/index.php on line 14
[23-Sep-2015 12:31:37 UTC] PHP Stack trace:
[23-Sep-2015 12:31:37 UTC] PHP   1. {main}() /home/ubuntu/workspace/Prokop/ISACwc/cabin/index.php:0
[23-Sep-2015 12:31:37 UTC] PHP   2. json_write() /home/ubuntu/workspace/Prokop/ISACwc/cabin/index.php:54
[23-Sep-2015 12:31:37 UTC] PHP Warning:  Missing argument 2 for json_write(), called in /home/ubuntu/workspace/Prokop/ISACwc/cabin/index.php on line 54 and defined in /home/ubuntu/workspace/Prokop/ISACwc/cabin/index.php on line 14
[23-Sep-2015 12:31:37 UTC] PHP Stack trace:
[23-Sep-2015 12:31:37 UTC] PHP   1. {main}() /home/ubuntu/workspace/Prokop/ISACwc/cabin/index.php:0
[23-Sep-2015 12:31:37 UTC] PHP   2. json_write() /home/ubuntu/workspace/Prokop/ISACwc/cabin/index.php:54
[23-Sep-2015 12:31:37 UTC] PHP Warning:  file_put_contents(../tasks/): failed to open stream: Is a directory in /home/ubuntu/workspace/Prokop/ISACwc/cabin/index.php on line 17
[23-Sep-2015 12:31:37 UTC] PHP Stack trace:
[23-Sep-2015 12:31:37 UTC] PHP   1. {main}() /home/ubuntu/workspace/Prokop/ISACwc/cabin/index.php:0
[23-Sep-2015 12:31:37 UTC] PHP   2. json_write() /home/ubuntu/workspace/Prokop/ISACwc/cabin/index.php:54
[23-Sep-2015 12:31:37 UTC] PHP   3. file_put_contents() /home/ubuntu/workspace/Prokop/ISACwc/cabin/index.php:17
[23-Sep-2015 12:49:59 UTC] PHP Parse error:  syntax error, unexpected end of file in /home/ubuntu/workspace/Prokop/ISACwc/cabin/index.php on line 59
[23-Sep-2015 13:11:20 UTC] PHP Warning:  implode(): Invalid arguments passed in /home/ubuntu/workspace/Prokop/ISACwc/cabin/index.php on line 54
[23-Sep-2015 13:11:20 UTC] PHP Stack trace:
[23-Sep-2015 13:11:20 UTC] PHP   1. {main}() /home/ubuntu/workspace/Prokop/ISACwc/cabin/index.php:0
[23-Sep-2015 13:11:20 UTC] PHP   2. implode() /home/ubuntu/workspace/Prokop/ISACwc/cabin/index.php:54
[23-Sep-2015 13:11:20 UTC] PHP Warning:  implode(): Invalid arguments passed in /home/ubuntu/workspace/Prokop/ISACwc/cabin/index.php on line 55
[23-Sep-2015 13:11:20 UTC] PHP Stack trace:
[23-Sep-2015 13:11:20 UTC] PHP   1. {main}() /home/ubuntu/workspace/Prokop/ISACwc/cabin/index.php:0
[23-Sep-2015 13:11:20 UTC] PHP   2. implode() /home/ubuntu/workspace/Prokop/ISACwc/cabin/index.php:55
[23-Sep-2015 13:11:20 UTC] PHP Warning:  implode(): Invalid arguments passed in /home/ubuntu/workspace/Prokop/ISACwc/cabin/index.php on line 54
[23-Sep-2015 13:11:20 UTC] PHP Stack trace:
[23-Sep-2015 13:11:20 UTC] PHP   1. {main}() /home/ubuntu/workspace/Prokop/ISACwc/cabin/index.php:0
[23-Sep-2015 13:11:20 UTC] PHP   2. implode() /home/ubuntu/workspace/Prokop/ISACwc/cabin/index.php:54
[23-Sep-2015 13:11:20 UTC] PHP Warning:  implode(): Invalid arguments passed in /home/ubuntu/workspace/Prokop/ISACwc/cabin/index.php on line 55
[23-Sep-2015 13:11:20 UTC] PHP Stack trace:
[23-Sep-2015 13:11:20 UTC] PHP   1. {main}() /home/ubuntu/workspace/Prokop/ISACwc/cabin/index.php:0
[23-Sep-2015 13:11:20 UTC] PHP   2. implode() /home/ubuntu/workspace/Prokop/ISACwc/cabin/index.php:55
[23-Sep-2015 13:11:20 UTC] PHP Warning:  implode(): Invalid arguments passed in /home/ubuntu/workspace/Prokop/ISACwc/cabin/index.php on line 54
[23-Sep-2015 13:11:20 UTC] PHP Stack trace:
[23-Sep-2015 13:11:20 UTC] PHP   1. {main}() /home/ubuntu/workspace/Prokop/ISACwc/cabin/index.php:0
[23-Sep-2015 13:11:20 UTC] PHP   2. implode() /home/ubuntu/workspace/Prokop/ISACwc/cabin/index.php:54
[23-Sep-2015 13:11:20 UTC] PHP Warning:  implode(): Invalid arguments passed in /home/ubuntu/workspace/Prokop/ISACwc/cabin/index.php on line 55
[23-Sep-2015 13:11:20 UTC] PHP Stack trace:
[23-Sep-2015 13:11:20 UTC] PHP   1. {main}() /home/ubuntu/workspace/Prokop/ISACwc/cabin/index.php:0
[23-Sep-2015 13:11:20 UTC] PHP   2. implode() /home/ubuntu/workspace/Prokop/ISACwc/cabin/index.php:55
[23-Sep-2015 13:11:20 UTC] PHP Warning:  implode(): Invalid arguments passed in /home/ubuntu/workspace/Prokop/ISACwc/cabin/index.php on line 54
[23-Sep-2015 13:11:20 UTC] PHP Stack trace:
[23-Sep-2015 13:11:20 UTC] PHP   1. {main}() /home/ubuntu/workspace/Prokop/ISACwc/cabin/index.php:0
[23-Sep-2015 13:11:20 UTC] PHP   2. implode() /home/ubuntu/workspace/Prokop/ISACwc/cabin/index.php:54
[23-Sep-2015 13:11:20 UTC] PHP Warning:  implode(): Invalid arguments passed in /home/ubuntu/workspace/Prokop/ISACwc/cabin/index.php on line 55
[23-Sep-2015 13:11:20 UTC] PHP Stack trace:
[23-Sep-2015 13:11:20 UTC] PHP   1. {main}() /home/ubuntu/workspace/Prokop/ISACwc/cabin/index.php:0
[23-Sep-2015 13:11:20 UTC] PHP   2. implode() /home/ubuntu/workspace/Prokop/ISACwc/cabin/index.php:55
[23-Sep-2015 13:11:20 UTC] PHP Warning:  implode(): Invalid arguments passed in /home/ubuntu/workspace/Prokop/ISACwc/cabin/index.php on line 54
[23-Sep-2015 13:11:20 UTC] PHP Stack trace:
[23-Sep-2015 13:11:20 UTC] PHP   1. {main}() /home/ubuntu/workspace/Prokop/ISACwc/cabin/index.php:0
[23-Sep-2015 13:11:20 UTC] PHP   2. implode() /home/ubuntu/workspace/Prokop/ISACwc/cabin/index.php:54
[23-Sep-2015 13:11:20 UTC] PHP Warning:  implode(): Invalid arguments passed in /home/ubuntu/workspace/Prokop/ISACwc/cabin/index.php on line 55
[23-Sep-2015 13:11:20 UTC] PHP Stack trace:
[23-Sep-2015 13:11:20 UTC] PHP   1. {main}() /home/ubuntu/workspace/Prokop/ISACwc/cabin/index.php:0
[23-Sep-2015 13:11:20 UTC] PHP   2. implode() /home/ubuntu/workspace/Prokop/ISACwc/cabin/index.php:55
[23-Sep-2015 13:12:40 UTC] PHP Warning:  implode(): Invalid arguments passed in /home/ubuntu/workspace/Prokop/ISACwc/cabin/index.php on line 54
[23-Sep-2015 13:12:40 UTC] PHP Stack trace:
[23-Sep-2015 13:12:40 UTC] PHP   1. {main}() /home/ubuntu/workspace/Prokop/ISACwc/cabin/index.php:0
[23-Sep-2015 13:12:40 UTC] PHP   2. implode() /home/ubuntu/workspace/Prokop/ISACwc/cabin/index.php:54
[23-Sep-2015 13:12:40 UTC] PHP Warning:  implode(): Invalid arguments passed in /home/ubuntu/workspace/Prokop/ISACwc/cabin/index.php on line 55
[23-Sep-2015 13:12:40 UTC] PHP Stack trace:
[23-Sep-2015 13:12:40 UTC] PHP   1. {main}() /home/ubuntu/workspace/Prokop/ISACwc/cabin/index.php:0
[23-Sep-2015 13:12:40 UTC] PHP   2. implode() /home/ubuntu/workspace/Prokop/ISACwc/cabin/index.php:55
[23-Sep-2015 13:12:40 UTC] PHP Warning:  implode(): Invalid arguments passed in /home/ubuntu/workspace/Prokop/ISACwc/cabin/index.php on line 54
[23-Sep-2015 13:12:40 UTC] PHP Stack trace:
[23-Sep-2015 13:12:40 UTC] PHP   1. {main}() /home/ubuntu/workspace/Prokop/ISACwc/cabin/index.php:0
[23-Sep-2015 13:12:40 UTC] PHP   2. implode() /home/ubuntu/workspace/Prokop/ISACwc/cabin/index.php:54
[23-Sep-2015 13:12:40 UTC] PHP Warning:  implode(): Invalid arguments passed in /home/ubuntu/workspace/Prokop/ISACwc/cabin/index.php on line 55
[23-Sep-2015 13:12:40 UTC] PHP Stack trace:
[23-Sep-2015 13:12:40 UTC] PHP   1. {main}() /home/ubuntu/workspace/Prokop/ISACwc/cabin/index.php:0
[23-Sep-2015 13:12:40 UTC] PHP   2. implode() /home/ubuntu/workspace/Prokop/ISACwc/cabin/index.php:55
[23-Sep-2015 13:12:40 UTC] PHP Warning:  implode(): Invalid arguments passed in /home/ubuntu/workspace/Prokop/ISACwc/cabin/index.php on line 54
[23-Sep-2015 13:12:40 UTC] PHP Stack trace:
[23-Sep-2015 13:12:40 UTC] PHP   1. {main}() /home/ubuntu/workspace/Prokop/ISACwc/cabin/index.php:0
[23-Sep-2015 13:12:40 UTC] PHP   2. implode() /home/ubuntu/workspace/Prokop/ISACwc/cabin/index.php:54
[23-Sep-2015 13:12:40 UTC] PHP Warning:  implode(): Invalid arguments passed in /home/ubuntu/workspace/Prokop/ISACwc/cabin/index.php on line 55
[23-Sep-2015 13:12:40 UTC] PHP Stack trace:
[23-Sep-2015 13:12:40 UTC] PHP   1. {main}() /home/ubuntu/workspace/Prokop/ISACwc/cabin/index.php:0
[23-Sep-2015 13:12:40 UTC] PHP   2. implode() /home/ubuntu/workspace/Prokop/ISACwc/cabin/index.php:55
[23-Sep-2015 13:12:40 UTC] PHP Warning:  implode(): Invalid arguments passed in /home/ubuntu/workspace/Prokop/ISACwc/cabin/index.php on line 54
[23-Sep-2015 13:12:40 UTC] PHP Stack trace:
[23-Sep-2015 13:12:40 UTC] PHP   1. {main}() /home/ubuntu/workspace/Prokop/ISACwc/cabin/index.php:0
[23-Sep-2015 13:12:40 UTC] PHP   2. implode() /home/ubuntu/workspace/Prokop/ISACwc/cabin/index.php:54
[23-Sep-2015 13:12:40 UTC] PHP Warning:  implode(): Invalid arguments passed in /home/ubuntu/workspace/Prokop/ISACwc/cabin/index.php on line 55
[23-Sep-2015 13:12:40 UTC] PHP Stack trace:
[23-Sep-2015 13:12:40 UTC] PHP   1. {main}() /home/ubuntu/workspace/Prokop/ISACwc/cabin/index.php:0
[23-Sep-2015 13:12:40 UTC] PHP   2. implode() /home/ubuntu/workspace/Prokop/ISACwc/cabin/index.php:55
[23-Sep-2015 13:12:40 UTC] PHP Warning:  implode(): Invalid arguments passed in /home/ubuntu/workspace/Prokop/ISACwc/cabin/index.php on line 54
[23-Sep-2015 13:12:40 UTC] PHP Stack trace:
[23-Sep-2015 13:12:40 UTC] PHP   1. {main}() /home/ubuntu/workspace/Prokop/ISACwc/cabin/index.php:0
[23-Sep-2015 13:12:40 UTC] PHP   2. implode() /home/ubuntu/workspace/Prokop/ISACwc/cabin/index.php:54
[23-Sep-2015 13:12:40 UTC] PHP Warning:  implode(): Invalid arguments passed in /home/ubuntu/workspace/Prokop/ISACwc/cabin/index.php on line 55
[23-Sep-2015 13:12:40 UTC] PHP Stack trace:
[23-Sep-2015 13:12:40 UTC] PHP   1. {main}() /home/ubuntu/workspace/Prokop/ISACwc/cabin/index.php:0
[23-Sep-2015 13:12:40 UTC] PHP   2. implode() /home/ubuntu/workspace/Prokop/ISACwc/cabin/index.php:55
[23-Sep-2015 13:12:41 UTC] PHP Warning:  implode(): Invalid arguments passed in /home/ubuntu/workspace/Prokop/ISACwc/cabin/index.php on line 54
[23-Sep-2015 13:12:41 UTC] PHP Stack trace:
[23-Sep-2015 13:12:41 UTC] PHP   1. {main}() /home/ubuntu/workspace/Prokop/ISACwc/cabin/index.php:0
[23-Sep-2015 13:12:41 UTC] PHP   2. implode() /home/ubuntu/workspace/Prokop/ISACwc/cabin/index.php:54
[23-Sep-2015 13:12:41 UTC] PHP Warning:  implode(): Invalid arguments passed in /home/ubuntu/workspace/Prokop/ISACwc/cabin/index.php on line 55
[23-Sep-2015 13:12:41 UTC] PHP Stack trace:
[23-Sep-2015 13:12:41 UTC] PHP   1. {main}() /home/ubuntu/workspace/Prokop/ISACwc/cabin/index.php:0
[23-Sep-2015 13:12:41 UTC] PHP   2. implode() /home/ubuntu/workspace/Prokop/ISACwc/cabin/index.php:55
[23-Sep-2015 13:12:41 UTC] PHP Warning:  implode(): Invalid arguments passed in /home/ubuntu/workspace/Prokop/ISACwc/cabin/index.php on line 54
[23-Sep-2015 13:12:41 UTC] PHP Stack trace:
[23-Sep-2015 13:12:41 UTC] PHP   1. {main}() /home/ubuntu/workspace/Prokop/ISACwc/cabin/index.php:0
[23-Sep-2015 13:12:41 UTC] PHP   2. implode() /home/ubuntu/workspace/Prokop/ISACwc/cabin/index.php:54
[23-Sep-2015 13:12:41 UTC] PHP Warning:  implode(): Invalid arguments passed in /home/ubuntu/workspace/Prokop/ISACwc/cabin/index.php on line 55
[23-Sep-2015 13:12:41 UTC] PHP Stack trace:
[23-Sep-2015 13:12:41 UTC] PHP   1. {main}() /home/ubuntu/workspace/Prokop/ISACwc/cabin/index.php:0
[23-Sep-2015 13:12:41 UTC] PHP   2. implode() /home/ubuntu/workspace/Prokop/ISACwc/cabin/index.php:55
[23-Sep-2015 13:12:41 UTC] PHP Warning:  implode(): Invalid arguments passed in /home/ubuntu/workspace/Prokop/ISACwc/cabin/index.php on line 54
[23-Sep-2015 13:12:41 UTC] PHP Stack trace:
[23-Sep-2015 13:12:41 UTC] PHP   1. {main}() /home/ubuntu/workspace/Prokop/ISACwc/cabin/index.php:0
[23-Sep-2015 13:12:41 UTC] PHP   2. implode() /home/ubuntu/workspace/Prokop/ISACwc/cabin/index.php:54
[23-Sep-2015 13:12:41 UTC] PHP Warning:  implode(): Invalid arguments passed in /home/ubuntu/workspace/Prokop/ISACwc/cabin/index.php on line 55
[23-Sep-2015 13:12:41 UTC] PHP Stack trace:
[23-Sep-2015 13:12:41 UTC] PHP   1. {main}() /home/ubuntu/workspace/Prokop/ISACwc/cabin/index.php:0
[23-Sep-2015 13:12:41 UTC] PHP   2. implode() /home/ubuntu/workspace/Prokop/ISACwc/cabin/index.php:55
[23-Sep-2015 13:12:41 UTC] PHP Warning:  implode(): Invalid arguments passed in /home/ubuntu/workspace/Prokop/ISACwc/cabin/index.php on line 54
[23-Sep-2015 13:12:41 UTC] PHP Stack trace:
[23-Sep-2015 13:12:41 UTC] PHP   1. {main}() /home/ubuntu/workspace/Prokop/ISACwc/cabin/index.php:0
[23-Sep-2015 13:12:41 UTC] PHP   2. implode() /home/ubuntu/workspace/Prokop/ISACwc/cabin/index.php:54
[23-Sep-2015 13:12:41 UTC] PHP Warning:  implode(): Invalid arguments passed in /home/ubuntu/workspace/Prokop/ISACwc/cabin/index.php on line 55
[23-Sep-2015 13:12:41 UTC] PHP Stack trace:
[23-Sep-2015 13:12:41 UTC] PHP   1. {main}() /home/ubuntu/workspace/Prokop/ISACwc/cabin/index.php:0
[23-Sep-2015 13:12:41 UTC] PHP   2. implode() /home/ubuntu/workspace/Prokop/ISACwc/cabin/index.php:55
[23-Sep-2015 13:12:41 UTC] PHP Warning:  implode(): Invalid arguments passed in /home/ubuntu/workspace/Prokop/ISACwc/cabin/index.php on line 54
[23-Sep-2015 13:12:41 UTC] PHP Stack trace:
[23-Sep-2015 13:12:41 UTC] PHP   1. {main}() /home/ubuntu/workspace/Prokop/ISACwc/cabin/index.php:0
[23-Sep-2015 13:12:41 UTC] PHP   2. implode() /home/ubuntu/workspace/Prokop/ISACwc/cabin/index.php:54
[23-Sep-2015 13:12:41 UTC] PHP Warning:  implode(): Invalid arguments passed in /home/ubuntu/workspace/Prokop/ISACwc/cabin/index.php on line 55
[23-Sep-2015 13:12:41 UTC] PHP Stack trace:
[23-Sep-2015 13:12:41 UTC] PHP   1. {main}() /home/ubuntu/workspace/Prokop/ISACwc/cabin/index.php:0
[23-Sep-2015 13:12:41 UTC] PHP   2. implode() /home/ubuntu/workspace/Prokop/ISACwc/cabin/index.php:55
[23-Sep-2015 13:12:46 UTC] PHP Warning:  implode(): Invalid arguments passed in /home/ubuntu/workspace/Prokop/ISACwc/cabin/index.php on line 54
[23-Sep-2015 13:12:46 UTC] PHP Stack trace:
[23-Sep-2015 13:12:46 UTC] PHP   1. {main}() /home/ubuntu/workspace/Prokop/ISACwc/cabin/index.php:0
[23-Sep-2015 13:12:46 UTC] PHP   2. implode() /home/ubuntu/workspace/Prokop/ISACwc/cabin/index.php:54
[23-Sep-2015 13:12:46 UTC] PHP Warning:  implode(): Invalid arguments passed in /home/ubuntu/workspace/Prokop/ISACwc/cabin/index.php on line 55
[23-Sep-2015 13:12:46 UTC] PHP Stack trace:
[23-Sep-2015 13:12:46 UTC] PHP   1. {main}() /home/ubuntu/workspace/Prokop/ISACwc/cabin/index.php:0
[23-Sep-2015 13:12:46 UTC] PHP   2. implode() /home/ubuntu/workspace/Prokop/ISACwc/cabin/index.php:55
[23-Sep-2015 13:12:46 UTC] PHP Warning:  implode(): Invalid arguments passed in /home/ubuntu/workspace/Prokop/ISACwc/cabin/index.php on line 54
[23-Sep-2015 13:12:46 UTC] PHP Stack trace:
[23-Sep-2015 13:12:46 UTC] PHP   1. {main}() /home/ubuntu/workspace/Prokop/ISACwc/cabin/index.php:0
[23-Sep-2015 13:12:46 UTC] PHP   2. implode() /home/ubuntu/workspace/Prokop/ISACwc/cabin/index.php:54
[23-Sep-2015 13:12:46 UTC] PHP Warning:  implode(): Invalid arguments passed in /home/ubuntu/workspace/Prokop/ISACwc/cabin/index.php on line 55
[23-Sep-2015 13:12:46 UTC] PHP Stack trace:
[23-Sep-2015 13:12:46 UTC] PHP   1. {main}() /home/ubuntu/workspace/Prokop/ISACwc/cabin/index.php:0
[23-Sep-2015 13:12:46 UTC] PHP   2. implode() /home/ubuntu/workspace/Prokop/ISACwc/cabin/index.php:55
[23-Sep-2015 13:12:46 UTC] PHP Warning:  implode(): Invalid arguments passed in /home/ubuntu/workspace/Prokop/ISACwc/cabin/index.php on line 54
[23-Sep-2015 13:12:46 UTC] PHP Stack trace:
[23-Sep-2015 13:12:46 UTC] PHP   1. {main}() /home/ubuntu/workspace/Prokop/ISACwc/cabin/index.php:0
[23-Sep-2015 13:12:46 UTC] PHP   2. implode() /home/ubuntu/workspace/Prokop/ISACwc/cabin/index.php:54
[23-Sep-2015 13:12:46 UTC] PHP Warning:  implode(): Invalid arguments passed in /home/ubuntu/workspace/Prokop/ISACwc/cabin/index.php on line 55
[23-Sep-2015 13:12:46 UTC] PHP Stack trace:
[23-Sep-2015 13:12:46 UTC] PHP   1. {main}() /home/ubuntu/workspace/Prokop/ISACwc/cabin/index.php:0
[23-Sep-2015 13:12:46 UTC] PHP   2. implode() /home/ubuntu/workspace/Prokop/ISACwc/cabin/index.php:55
[23-Sep-2015 13:12:46 UTC] PHP Warning:  implode(): Invalid arguments passed in /home/ubuntu/workspace/Prokop/ISACwc/cabin/index.php on line 54
[23-Sep-2015 13:12:46 UTC] PHP Stack trace:
[23-Sep-2015 13:12:46 UTC] PHP   1. {main}() /home/ubuntu/workspace/Prokop/ISACwc/cabin/index.php:0
[23-Sep-2015 13:12:46 UTC] PHP   2. implode() /home/ubuntu/workspace/Prokop/ISACwc/cabin/index.php:54
[23-Sep-2015 13:12:46 UTC] PHP Warning:  implode(): Invalid arguments passed in /home/ubuntu/workspace/Prokop/ISACwc/cabin/index.php on line 55
[23-Sep-2015 13:12:46 UTC] PHP Stack trace:
[23-Sep-2015 13:12:46 UTC] PHP   1. {main}() /home/ubuntu/workspace/Prokop/ISACwc/cabin/index.php:0
[23-Sep-2015 13:12:46 UTC] PHP   2. implode() /home/ubuntu/workspace/Prokop/ISACwc/cabin/index.php:55
[23-Sep-2015 13:12:46 UTC] PHP Warning:  implode(): Invalid arguments passed in /home/ubuntu/workspace/Prokop/ISACwc/cabin/index.php on line 54
[23-Sep-2015 13:12:46 UTC] PHP Stack trace:
[23-Sep-2015 13:12:46 UTC] PHP   1. {main}() /home/ubuntu/workspace/Prokop/ISACwc/cabin/index.php:0
[23-Sep-2015 13:12:46 UTC] PHP   2. implode() /home/ubuntu/workspace/Prokop/ISACwc/cabin/index.php:54
[23-Sep-2015 13:12:46 UTC] PHP Warning:  implode(): Invalid arguments passed in /home/ubuntu/workspace/Prokop/ISACwc/cabin/index.php on line 55
[23-Sep-2015 13:12:46 UTC] PHP Stack trace:
[23-Sep-2015 13:12:46 UTC] PHP   1. {main}() /home/ubuntu/workspace/Prokop/ISACwc/cabin/index.php:0
[23-Sep-2015 13:12:46 UTC] PHP   2. implode() /home/ubuntu/workspace/Prokop/ISACwc/cabin/index.php:55
[24-Sep-2015 10:07:09 UTC] PHP Parse error:  syntax error, unexpected 'for' (T_FOR), expecting ',' or ';' in /home/ubuntu/workspace/Prokop/ISACwc/cabin/index.php on line 13
[24-Sep-2015 10:10:05 UTC] PHP Parse error:  syntax error, unexpected '.' in /home/ubuntu/workspace/Prokop/ISACwc/cabin/index.php on line 14
[24-Sep-2015 11:48:41 UTC] PHP Warning:  unlink(../tasks/aaa.json): No such file or directory in /home/ubuntu/workspace/Prokop/ISACwc/php/fileworker.php on line 81
[24-Sep-2015 11:48:41 UTC] PHP Stack trace:
[24-Sep-2015 11:48:41 UTC] PHP   1. {main}() /home/ubuntu/workspace/Prokop/ISACwc/php/fileworker.php:0
[24-Sep-2015 11:48:41 UTC] PHP   2. unlink() /home/ubuntu/workspace/Prokop/ISACwc/php/fileworker.php:81
[28-Sep-2015 13:22:03 UTC] PHP Parse error:  syntax error, unexpected '}', expecting ',' or ';' in /home/ubuntu/workspace/Prokop/ISACwc/cabin/index.php on line 103
[01-Oct-2015 23:26:36 UTC] PHP Warning:  implode(): Invalid arguments passed in /home/ubuntu/workspace/Prokop/ISACwc/cabin/index.php on line 36
[01-Oct-2015 23:26:36 UTC] PHP Stack trace:
[01-Oct-2015 23:26:36 UTC] PHP   1. {main}() /home/ubuntu/workspace/Prokop/ISACwc/cabin/index.php:0
[01-Oct-2015 23:26:36 UTC] PHP   2. implode() /home/ubuntu/workspace/Prokop/ISACwc/cabin/index.php:36
[01-Oct-2015 23:26:36 UTC] PHP Warning:  implode(): Invalid arguments passed in /home/ubuntu/workspace/Prokop/ISACwc/cabin/index.php on line 37
[01-Oct-2015 23:26:36 UTC] PHP Stack trace:
[01-Oct-2015 23:26:36 UTC] PHP   1. {main}() /home/ubuntu/workspace/Prokop/ISACwc/cabin/index.php:0
[01-Oct-2015 23:26:36 UTC] PHP   2. implode() /home/ubuntu/workspace/Prokop/ISACwc/cabin/index.php:37
[01-Oct-2015 23:26:36 UTC] PHP Warning:  implode(): Invalid arguments passed in /home/ubuntu/workspace/Prokop/ISACwc/cabin/index.php on line 38
[01-Oct-2015 23:26:36 UTC] PHP Stack trace:
[01-Oct-2015 23:26:36 UTC] PHP   1. {main}() /home/ubuntu/workspace/Prokop/ISACwc/cabin/index.php:0
[01-Oct-2015 23:26:36 UTC] PHP   2. implode() /home/ubuntu/workspace/Prokop/ISACwc/cabin/index.php:38
[01-Oct-2015 23:26:36 UTC] PHP Warning:  implode(): Invalid arguments passed in /home/ubuntu/workspace/Prokop/ISACwc/cabin/index.php on line 39
[01-Oct-2015 23:26:36 UTC] PHP Stack trace:
[01-Oct-2015 23:26:36 UTC] PHP   1. {main}() /home/ubuntu/workspace/Prokop/ISACwc/cabin/index.php:0
[01-Oct-2015 23:26:36 UTC] PHP   2. implode() /home/ubuntu/workspace/Prokop/ISACwc/cabin/index.php:39
[01-Oct-2015 23:26:36 UTC] PHP Warning:  implode(): Invalid arguments passed in /home/ubuntu/workspace/Prokop/ISACwc/cabin/index.php on line 36
[01-Oct-2015 23:26:36 UTC] PHP Stack trace:
[01-Oct-2015 23:26:36 UTC] PHP   1. {main}() /home/ubuntu/workspace/Prokop/ISACwc/cabin/index.php:0
[01-Oct-2015 23:26:36 UTC] PHP   2. implode() /home/ubuntu/workspace/Prokop/ISACwc/cabin/index.php:36
[01-Oct-2015 23:26:36 UTC] PHP Warning:  implode(): Invalid arguments passed in /home/ubuntu/workspace/Prokop/ISACwc/cabin/index.php on line 37
[01-Oct-2015 23:26:36 UTC] PHP Stack trace:
[01-Oct-2015 23:26:36 UTC] PHP   1. {main}() /home/ubuntu/workspace/Prokop/ISACwc/cabin/index.php:0
[01-Oct-2015 23:26:36 UTC] PHP   2. implode() /home/ubuntu/workspace/Prokop/ISACwc/cabin/index.php:37
[01-Oct-2015 23:26:36 UTC] PHP Warning:  implode(): Invalid arguments passed in /home/ubuntu/workspace/Prokop/ISACwc/cabin/index.php on line 38
[01-Oct-2015 23:26:36 UTC] PHP Stack trace:
[01-Oct-2015 23:26:36 UTC] PHP   1. {main}() /home/ubuntu/workspace/Prokop/ISACwc/cabin/index.php:0
[01-Oct-2015 23:26:36 UTC] PHP   2. implode() /home/ubuntu/workspace/Prokop/ISACwc/cabin/index.php:38
[01-Oct-2015 23:26:36 UTC] PHP Warning:  implode(): Invalid arguments passed in /home/ubuntu/workspace/Prokop/ISACwc/cabin/index.php on line 39
[01-Oct-2015 23:26:36 UTC] PHP Stack trace:
[01-Oct-2015 23:26:36 UTC] PHP   1. {main}() /home/ubuntu/workspace/Prokop/ISACwc/cabin/index.php:0
[01-Oct-2015 23:26:36 UTC] PHP   2. implode() /home/ubuntu/workspace/Prokop/ISACwc/cabin/index.php:39
[01-Oct-2015 23:26:36 UTC] PHP Warning:  implode(): Invalid arguments passed in /home/ubuntu/workspace/Prokop/ISACwc/cabin/index.php on line 36
[01-Oct-2015 23:26:36 UTC] PHP Stack trace:
[01-Oct-2015 23:26:36 UTC] PHP   1. {main}() /home/ubuntu/workspace/Prokop/ISACwc/cabin/index.php:0
[01-Oct-2015 23:26:36 UTC] PHP   2. implode() /home/ubuntu/workspace/Prokop/ISACwc/cabin/index.php:36
[01-Oct-2015 23:26:36 UTC] PHP Warning:  implode(): Invalid arguments passed in /home/ubuntu/workspace/Prokop/ISACwc/cabin/index.php on line 37
[01-Oct-2015 23:26:36 UTC] PHP Stack trace:
[01-Oct-2015 23:26:36 UTC] PHP   1. {main}() /home/ubuntu/workspace/Prokop/ISACwc/cabin/index.php:0
[01-Oct-2015 23:26:36 UTC] PHP   2. implode() /home/ubuntu/workspace/Prokop/ISACwc/cabin/index.php:37
[01-Oct-2015 23:26:36 UTC] PHP Warning:  implode(): Invalid arguments passed in /home/ubuntu/workspace/Prokop/ISACwc/cabin/index.php on line 38
[01-Oct-2015 23:26:36 UTC] PHP Stack trace:
[01-Oct-2015 23:26:36 UTC] PHP   1. {main}() /home/ubuntu/workspace/Prokop/ISACwc/cabin/index.php:0
[01-Oct-2015 23:26:36 UTC] PHP   2. implode() /home/ubuntu/workspace/Prokop/ISACwc/cabin/index.php:38
[01-Oct-2015 23:26:36 UTC] PHP Warning:  implode(): Invalid arguments passed in /home/ubuntu/workspace/Prokop/ISACwc/cabin/index.php on line 39
[01-Oct-2015 23:26:36 UTC] PHP Stack trace:
[01-Oct-2015 23:26:36 UTC] PHP   1. {main}() /home/ubuntu/workspace/Prokop/ISACwc/cabin/index.php:0
[01-Oct-2015 23:26:36 UTC] PHP   2. implode() /home/ubuntu/workspace/Prokop/ISACwc/cabin/index.php:39
[01-Oct-2015 23:26:39 UTC] PHP Warning:  implode(): Invalid arguments passed in /home/ubuntu/workspace/Prokop/ISACwc/cabin/index.php on line 36
[01-Oct-2015 23:26:39 UTC] PHP Stack trace:
[01-Oct-2015 23:26:39 UTC] PHP   1. {main}() /home/ubuntu/workspace/Prokop/ISACwc/cabin/index.php:0
[01-Oct-2015 23:26:39 UTC] PHP   2. implode() /home/ubuntu/workspace/Prokop/ISACwc/cabin/index.php:36
[01-Oct-2015 23:26:39 UTC] PHP Warning:  implode(): Invalid arguments passed in /home/ubuntu/workspace/Prokop/ISACwc/cabin/index.php on line 37
[01-Oct-2015 23:26:39 UTC] PHP Stack trace:
[01-Oct-2015 23:26:39 UTC] PHP   1. {main}() /home/ubuntu/workspace/Prokop/ISACwc/cabin/index.php:0
[01-Oct-2015 23:26:39 UTC] PHP   2. implode() /home/ubuntu/workspace/Prokop/ISACwc/cabin/index.php:37
[01-Oct-2015 23:26:39 UTC] PHP Warning:  implode(): Invalid arguments passed in /home/ubuntu/workspace/Prokop/ISACwc/cabin/index.php on line 38
[01-Oct-2015 23:26:39 UTC] PHP Stack trace:
[01-Oct-2015 23:26:39 UTC] PHP   1. {main}() /home/ubuntu/workspace/Prokop/ISACwc/cabin/index.php:0
[01-Oct-2015 23:26:39 UTC] PHP   2. implode() /home/ubuntu/workspace/Prokop/ISACwc/cabin/index.php:38
[01-Oct-2015 23:26:39 UTC] PHP Warning:  implode(): Invalid arguments passed in /home/ubuntu/workspace/Prokop/ISACwc/cabin/index.php on line 39
[01-Oct-2015 23:26:39 UTC] PHP Stack trace:
[01-Oct-2015 23:26:39 UTC] PHP   1. {main}() /home/ubuntu/workspace/Prokop/ISACwc/cabin/index.php:0
[01-Oct-2015 23:26:39 UTC] PHP   2. implode() /home/ubuntu/workspace/Prokop/ISACwc/cabin/index.php:39
[01-Oct-2015 23:26:39 UTC] PHP Warning:  implode(): Invalid arguments passed in /home/ubuntu/workspace/Prokop/ISACwc/cabin/index.php on line 36
[01-Oct-2015 23:26:39 UTC] PHP Stack trace:
[01-Oct-2015 23:26:39 UTC] PHP   1. {main}() /home/ubuntu/workspace/Prokop/ISACwc/cabin/index.php:0
[01-Oct-2015 23:26:39 UTC] PHP   2. implode() /home/ubuntu/workspace/Prokop/ISACwc/cabin/index.php:36
[01-Oct-2015 23:26:39 UTC] PHP Warning:  implode(): Invalid arguments passed in /home/ubuntu/workspace/Prokop/ISACwc/cabin/index.php on line 37
[01-Oct-2015 23:26:39 UTC] PHP Stack trace:
[01-Oct-2015 23:26:39 UTC] PHP   1. {main}() /home/ubuntu/workspace/Prokop/ISACwc/cabin/index.php:0
[01-Oct-2015 23:26:39 UTC] PHP   2. implode() /home/ubuntu/workspace/Prokop/ISACwc/cabin/index.php:37
[01-Oct-2015 23:26:39 UTC] PHP Warning:  implode(): Invalid arguments passed in /home/ubuntu/workspace/Prokop/ISACwc/cabin/index.php on line 38
[01-Oct-2015 23:26:39 UTC] PHP Stack trace:
[01-Oct-2015 23:26:39 UTC] PHP   1. {main}() /home/ubuntu/workspace/Prokop/ISACwc/cabin/index.php:0
[01-Oct-2015 23:26:39 UTC] PHP   2. implode() /home/ubuntu/workspace/Prokop/ISACwc/cabin/index.php:38
[01-Oct-2015 23:26:39 UTC] PHP Warning:  implode(): Invalid arguments passed in /home/ubuntu/workspace/Prokop/ISACwc/cabin/index.php on line 39
[01-Oct-2015 23:26:39 UTC] PHP Stack trace:
[01-Oct-2015 23:26:39 UTC] PHP   1. {main}() /home/ubuntu/workspace/Prokop/ISACwc/cabin/index.php:0
[01-Oct-2015 23:26:39 UTC] PHP   2. implode() /home/ubuntu/workspace/Prokop/ISACwc/cabin/index.php:39
[01-Oct-2015 23:26:39 UTC] PHP Warning:  implode(): Invalid arguments passed in /home/ubuntu/workspace/Prokop/ISACwc/cabin/index.php on line 36
[01-Oct-2015 23:26:39 UTC] PHP Stack trace:
[01-Oct-2015 23:26:39 UTC] PHP   1. {main}() /home/ubuntu/workspace/Prokop/ISACwc/cabin/index.php:0
[01-Oct-2015 23:26:39 UTC] PHP   2. implode() /home/ubuntu/workspace/Prokop/ISACwc/cabin/index.php:36
[01-Oct-2015 23:26:39 UTC] PHP Warning:  implode(): Invalid arguments passed in /home/ubuntu/workspace/Prokop/ISACwc/cabin/index.php on line 37
[01-Oct-2015 23:26:39 UTC] PHP Stack trace:
[01-Oct-2015 23:26:39 UTC] PHP   1. {main}() /home/ubuntu/workspace/Prokop/ISACwc/cabin/index.php:0
[01-Oct-2015 23:26:39 UTC] PHP   2. implode() /home/ubuntu/workspace/Prokop/ISACwc/cabin/index.php:37
[01-Oct-2015 23:26:39 UTC] PHP Warning:  implode(): Invalid arguments passed in /home/ubuntu/workspace/Prokop/ISACwc/cabin/index.php on line 38
[01-Oct-2015 23:26:39 UTC] PHP Stack trace:
[01-Oct-2015 23:26:39 UTC] PHP   1. {main}() /home/ubuntu/workspace/Prokop/ISACwc/cabin/index.php:0
[01-Oct-2015 23:26:39 UTC] PHP   2. implode() /home/ubuntu/workspace/Prokop/ISACwc/cabin/index.php:38
[01-Oct-2015 23:26:39 UTC] PHP Warning:  implode(): Invalid arguments passed in /home/ubuntu/workspace/Prokop/ISACwc/cabin/index.php on line 39
[01-Oct-2015 23:26:39 UTC] PHP Stack trace:
[01-Oct-2015 23:26:39 UTC] PHP   1. {main}() /home/ubuntu/workspace/Prokop/ISACwc/cabin/index.php:0
[01-Oct-2015 23:26:39 UTC] PHP   2. implode() /home/ubuntu/workspace/Prokop/ISACwc/cabin/index.php:39
[01-Oct-2015 23:32:22 UTC] PHP Warning:  implode(): Invalid arguments passed in /home/ubuntu/workspace/Prokop/ISACwc/cabin/index.php on line 36
[01-Oct-2015 23:32:22 UTC] PHP Stack trace:
[01-Oct-2015 23:32:22 UTC] PHP   1. {main}() /home/ubuntu/workspace/Prokop/ISACwc/cabin/index.php:0
[01-Oct-2015 23:32:22 UTC] PHP   2. implode() /home/ubuntu/workspace/Prokop/ISACwc/cabin/index.php:36
[01-Oct-2015 23:32:22 UTC] PHP Warning:  implode(): Invalid arguments passed in /home/ubuntu/workspace/Prokop/ISACwc/cabin/index.php on line 37
[01-Oct-2015 23:32:22 UTC] PHP Stack trace:
[01-Oct-2015 23:32:22 UTC] PHP   1. {main}() /home/ubuntu/workspace/Prokop/ISACwc/cabin/index.php:0
[01-Oct-2015 23:32:22 UTC] PHP   2. implode() /home/ubuntu/workspace/Prokop/ISACwc/cabin/index.php:37
[01-Oct-2015 23:32:22 UTC] PHP Warning:  implode(): Invalid arguments passed in /home/ubuntu/workspace/Prokop/ISACwc/cabin/index.php on line 38
[01-Oct-2015 23:32:22 UTC] PHP Stack trace:
[01-Oct-2015 23:32:22 UTC] PHP   1. {main}() /home/ubuntu/workspace/Prokop/ISACwc/cabin/index.php:0
[01-Oct-2015 23:32:22 UTC] PHP   2. implode() /home/ubuntu/workspace/Prokop/ISACwc/cabin/index.php:38
[01-Oct-2015 23:32:22 UTC] PHP Warning:  implode(): Invalid arguments passed in /home/ubuntu/workspace/Prokop/ISACwc/cabin/index.php on line 39
[01-Oct-2015 23:32:22 UTC] PHP Stack trace:
[01-Oct-2015 23:32:22 UTC] PHP   1. {main}() /home/ubuntu/workspace/Prokop/ISACwc/cabin/index.php:0
[01-Oct-2015 23:32:22 UTC] PHP   2. implode() /home/ubuntu/workspace/Prokop/ISACwc/cabin/index.php:39
[01-Oct-2015 23:32:22 UTC] PHP Warning:  implode(): Invalid arguments passed in /home/ubuntu/workspace/Prokop/ISACwc/cabin/index.php on line 36
[01-Oct-2015 23:32:22 UTC] PHP Stack trace:
[01-Oct-2015 23:32:22 UTC] PHP   1. {main}() /home/ubuntu/workspace/Prokop/ISACwc/cabin/index.php:0
[01-Oct-2015 23:32:22 UTC] PHP   2. implode() /home/ubuntu/workspace/Prokop/ISACwc/cabin/index.php:36
[01-Oct-2015 23:32:22 UTC] PHP Warning:  implode(): Invalid arguments passed in /home/ubuntu/workspace/Prokop/ISACwc/cabin/index.php on line 37
[01-Oct-2015 23:32:22 UTC] PHP Stack trace:
[01-Oct-2015 23:32:22 UTC] PHP   1. {main}() /home/ubuntu/workspace/Prokop/ISACwc/cabin/index.php:0
[01-Oct-2015 23:32:22 UTC] PHP   2. implode() /home/ubuntu/workspace/Prokop/ISACwc/cabin/index.php:37
[01-Oct-2015 23:32:22 UTC] PHP Warning:  implode(): Invalid arguments passed in /home/ubuntu/workspace/Prokop/ISACwc/cabin/index.php on line 38
[01-Oct-2015 23:32:22 UTC] PHP Stack trace:
[01-Oct-2015 23:32:22 UTC] PHP   1. {main}() /home/ubuntu/workspace/Prokop/ISACwc/cabin/index.php:0
[01-Oct-2015 23:32:22 UTC] PHP   2. implode() /home/ubuntu/workspace/Prokop/ISACwc/cabin/index.php:38
[01-Oct-2015 23:32:22 UTC] PHP Warning:  implode(): Invalid arguments passed in /home/ubuntu/workspace/Prokop/ISACwc/cabin/index.php on line 39
[01-Oct-2015 23:32:22 UTC] PHP Stack trace:
[01-Oct-2015 23:32:22 UTC] PHP   1. {main}() /home/ubuntu/workspace/Prokop/ISACwc/cabin/index.php:0
[01-Oct-2015 23:32:22 UTC] PHP   2. implode() /home/ubuntu/workspace/Prokop/ISACwc/cabin/index.php:39
[01-Oct-2015 23:32:22 UTC] PHP Warning:  implode(): Invalid arguments passed in /home/ubuntu/workspace/Prokop/ISACwc/cabin/index.php on line 36
[01-Oct-2015 23:32:22 UTC] PHP Stack trace:
[01-Oct-2015 23:32:22 UTC] PHP   1. {main}() /home/ubuntu/workspace/Prokop/ISACwc/cabin/index.php:0
[01-Oct-2015 23:32:22 UTC] PHP   2. implode() /home/ubuntu/workspace/Prokop/ISACwc/cabin/index.php:36
[01-Oct-2015 23:32:22 UTC] PHP Warning:  implode(): Invalid arguments passed in /home/ubuntu/workspace/Prokop/ISACwc/cabin/index.php on line 37
[01-Oct-2015 23:32:22 UTC] PHP Stack trace:
[01-Oct-2015 23:32:22 UTC] PHP   1. {main}() /home/ubuntu/workspace/Prokop/ISACwc/cabin/index.php:0
[01-Oct-2015 23:32:22 UTC] PHP   2. implode() /home/ubuntu/workspace/Prokop/ISACwc/cabin/index.php:37
[01-Oct-2015 23:32:22 UTC] PHP Warning:  implode(): Invalid arguments passed in /home/ubuntu/workspace/Prokop/ISACwc/cabin/index.php on line 38
[01-Oct-2015 23:32:22 UTC] PHP Stack trace:
[01-Oct-2015 23:32:22 UTC] PHP   1. {main}() /home/ubuntu/workspace/Prokop/ISACwc/cabin/index.php:0
[01-Oct-2015 23:32:22 UTC] PHP   2. implode() /home/ubuntu/workspace/Prokop/ISACwc/cabin/index.php:38
[01-Oct-2015 23:32:22 UTC] PHP Warning:  implode(): Invalid arguments passed in /home/ubuntu/workspace/Prokop/ISACwc/cabin/index.php on line 39
[01-Oct-2015 23:32:22 UTC] PHP Stack trace:
[01-Oct-2015 23:32:22 UTC] PHP   1. {main}() /home/ubuntu/workspace/Prokop/ISACwc/cabin/index.php:0
[01-Oct-2015 23:32:22 UTC] PHP   2. implode() /home/ubuntu/workspace/Prokop/ISACwc/cabin/index.php:39
[01-Oct-2015 23:32:22 UTC] PHP Warning:  implode(): Invalid arguments passed in /home/ubuntu/workspace/Prokop/ISACwc/cabin/index.php on line 36
[01-Oct-2015 23:32:22 UTC] PHP Stack trace:
[01-Oct-2015 23:32:22 UTC] PHP   1. {main}() /home/ubuntu/workspace/Prokop/ISACwc/cabin/index.php:0
[01-Oct-2015 23:32:22 UTC] PHP   2. implode() /home/ubuntu/workspace/Prokop/ISACwc/cabin/index.php:36
[01-Oct-2015 23:32:22 UTC] PHP Warning:  implode(): Invalid arguments passed in /home/ubuntu/workspace/Prokop/ISACwc/cabin/index.php on line 37
[01-Oct-2015 23:32:22 UTC] PHP Stack trace:
[01-Oct-2015 23:32:22 UTC] PHP   1. {main}() /home/ubuntu/workspace/Prokop/ISACwc/cabin/index.php:0
[01-Oct-2015 23:32:22 UTC] PHP   2. implode() /home/ubuntu/workspace/Prokop/ISACwc/cabin/index.php:37
[01-Oct-2015 23:32:22 UTC] PHP Warning:  implode(): Invalid arguments passed in /home/ubuntu/workspace/Prokop/ISACwc/cabin/index.php on line 38
[01-Oct-2015 23:32:22 UTC] PHP Stack trace:
[01-Oct-2015 23:32:22 UTC] PHP   1. {main}() /home/ubuntu/workspace/Prokop/ISACwc/cabin/index.php:0
[01-Oct-2015 23:32:22 UTC] PHP   2. implode() /home/ubuntu/workspace/Prokop/ISACwc/cabin/index.php:38
[01-Oct-2015 23:32:22 UTC] PHP Warning:  implode(): Invalid arguments passed in /home/ubuntu/workspace/Prokop/ISACwc/cabin/index.php on line 39
[01-Oct-2015 23:32:22 UTC] PHP Stack trace:
[01-Oct-2015 23:32:22 UTC] PHP   1. {main}() /home/ubuntu/workspace/Prokop/ISACwc/cabin/index.php:0
[01-Oct-2015 23:32:22 UTC] PHP   2. implode() /home/ubuntu/workspace/Prokop/ISACwc/cabin/index.php:39
[01-Oct-2015 23:32:22 UTC] PHP Warning:  implode(): Invalid arguments passed in /home/ubuntu/workspace/Prokop/ISACwc/cabin/index.php on line 36
[01-Oct-2015 23:32:22 UTC] PHP Stack trace:
[01-Oct-2015 23:32:22 UTC] PHP   1. {main}() /home/ubuntu/workspace/Prokop/ISACwc/cabin/index.php:0
[01-Oct-2015 23:32:22 UTC] PHP   2. implode() /home/ubuntu/workspace/Prokop/ISACwc/cabin/index.php:36
[01-Oct-2015 23:32:22 UTC] PHP Warning:  implode(): Invalid arguments passed in /home/ubuntu/workspace/Prokop/ISACwc/cabin/index.php on line 37
[01-Oct-2015 23:32:22 UTC] PHP Stack trace:
[01-Oct-2015 23:32:22 UTC] PHP   1. {main}() /home/ubuntu/workspace/Prokop/ISACwc/cabin/index.php:0
[01-Oct-2015 23:32:22 UTC] PHP   2. implode() /home/ubuntu/workspace/Prokop/ISACwc/cabin/index.php:37
[01-Oct-2015 23:32:22 UTC] PHP Warning:  implode(): Invalid arguments passed in /home/ubuntu/workspace/Prokop/ISACwc/cabin/index.php on line 38
[01-Oct-2015 23:32:22 UTC] PHP Stack trace:
[01-Oct-2015 23:32:22 UTC] PHP   1. {main}() /home/ubuntu/workspace/Prokop/ISACwc/cabin/index.php:0
[01-Oct-2015 23:32:22 UTC] PHP   2. implode() /home/ubuntu/workspace/Prokop/ISACwc/cabin/index.php:38
[01-Oct-2015 23:32:22 UTC] PHP Warning:  implode(): Invalid arguments passed in /home/ubuntu/workspace/Prokop/ISACwc/cabin/index.php on line 39
[01-Oct-2015 23:32:22 UTC] PHP Stack trace:
[01-Oct-2015 23:32:22 UTC] PHP   1. {main}() /home/ubuntu/workspace/Prokop/ISACwc/cabin/index.php:0
[01-Oct-2015 23:32:22 UTC] PHP   2. implode() /home/ubuntu/workspace/Prokop/ISACwc/cabin/index.php:39
[01-Oct-2015 23:32:22 UTC] PHP Warning:  implode(): Invalid arguments passed in /home/ubuntu/workspace/Prokop/ISACwc/cabin/index.php on line 36
[01-Oct-2015 23:32:22 UTC] PHP Stack trace:
[01-Oct-2015 23:32:22 UTC] PHP   1. {main}() /home/ubuntu/workspace/Prokop/ISACwc/cabin/index.php:0
[01-Oct-2015 23:32:22 UTC] PHP   2. implode() /home/ubuntu/workspace/Prokop/ISACwc/cabin/index.php:36
[01-Oct-2015 23:32:22 UTC] PHP Warning:  implode(): Invalid arguments passed in /home/ubuntu/workspace/Prokop/ISACwc/cabin/index.php on line 37
[01-Oct-2015 23:32:22 UTC] PHP Stack trace:
[01-Oct-2015 23:32:22 UTC] PHP   1. {main}() /home/ubuntu/workspace/Prokop/ISACwc/cabin/index.php:0
[01-Oct-2015 23:32:22 UTC] PHP   2. implode() /home/ubuntu/workspace/Prokop/ISACwc/cabin/index.php:37
[01-Oct-2015 23:32:22 UTC] PHP Warning:  implode(): Invalid arguments passed in /home/ubuntu/workspace/Prokop/ISACwc/cabin/index.php on line 38
[01-Oct-2015 23:32:22 UTC] PHP Stack trace:
[01-Oct-2015 23:32:22 UTC] PHP   1. {main}() /home/ubuntu/workspace/Prokop/ISACwc/cabin/index.php:0
[01-Oct-2015 23:32:22 UTC] PHP   2. implode() /home/ubuntu/workspace/Prokop/ISACwc/cabin/index.php:38
[01-Oct-2015 23:32:22 UTC] PHP Warning:  implode(): Invalid arguments passed in /home/ubuntu/workspace/Prokop/ISACwc/cabin/index.php on line 39
[01-Oct-2015 23:32:22 UTC] PHP Stack trace:
[01-Oct-2015 23:32:22 UTC] PHP   1. {main}() /home/ubuntu/workspace/Prokop/ISACwc/cabin/index.php:0
[01-Oct-2015 23:32:22 UTC] PHP   2. implode() /home/ubuntu/workspace/Prokop/ISACwc/cabin/index.php:39
[01-Oct-2015 23:32:22 UTC] PHP Warning:  implode(): Invalid arguments passed in /home/ubuntu/workspace/Prokop/ISACwc/cabin/index.php on line 36
[01-Oct-2015 23:32:22 UTC] PHP Stack trace:
[01-Oct-2015 23:32:22 UTC] PHP   1. {main}() /home/ubuntu/workspace/Prokop/ISACwc/cabin/index.php:0
[01-Oct-2015 23:32:22 UTC] PHP   2. implode() /home/ubuntu/workspace/Prokop/ISACwc/cabin/index.php:36
[01-Oct-2015 23:32:22 UTC] PHP Warning:  implode(): Invalid arguments passed in /home/ubuntu/workspace/Prokop/ISACwc/cabin/index.php on line 37
[01-Oct-2015 23:32:22 UTC] PHP Stack trace:
[01-Oct-2015 23:32:22 UTC] PHP   1. {main}() /home/ubuntu/workspace/Prokop/ISACwc/cabin/index.php:0
[01-Oct-2015 23:32:22 UTC] PHP   2. implode() /home/ubuntu/workspace/Prokop/ISACwc/cabin/index.php:37
[01-Oct-2015 23:32:22 UTC] PHP Warning:  implode(): Invalid arguments passed in /home/ubuntu/workspace/Prokop/ISACwc/cabin/index.php on line 38
[01-Oct-2015 23:32:22 UTC] PHP Stack trace:
[01-Oct-2015 23:32:22 UTC] PHP   1. {main}() /home/ubuntu/workspace/Prokop/ISACwc/cabin/index.php:0
[01-Oct-2015 23:32:22 UTC] PHP   2. implode() /home/ubuntu/workspace/Prokop/ISACwc/cabin/index.php:38
[01-Oct-2015 23:32:22 UTC] PHP Warning:  implode(): Invalid arguments passed in /home/ubuntu/workspace/Prokop/ISACwc/cabin/index.php on line 39
[01-Oct-2015 23:32:22 UTC] PHP Stack trace:
[01-Oct-2015 23:32:22 UTC] PHP   1. {main}() /home/ubuntu/workspace/Prokop/ISACwc/cabin/index.php:0
[01-Oct-2015 23:32:22 UTC] PHP   2. implode() /home/ubuntu/workspace/Prokop/ISACwc/cabin/index.php:39
[01-Oct-2015 23:32:22 UTC] PHP Warning:  implode(): Invalid arguments passed in /home/ubuntu/workspace/Prokop/ISACwc/cabin/index.php on line 36
[01-Oct-2015 23:32:22 UTC] PHP Stack trace:
[01-Oct-2015 23:32:22 UTC] PHP   1. {main}() /home/ubuntu/workspace/Prokop/ISACwc/cabin/index.php:0
[01-Oct-2015 23:32:22 UTC] PHP   2. implode() /home/ubuntu/workspace/Prokop/ISACwc/cabin/index.php:36
[01-Oct-2015 23:32:22 UTC] PHP Warning:  implode(): Invalid arguments passed in /home/ubuntu/workspace/Prokop/ISACwc/cabin/index.php on line 37
[01-Oct-2015 23:32:22 UTC] PHP Stack trace:
[01-Oct-2015 23:32:22 UTC] PHP   1. {main}() /home/ubuntu/workspace/Prokop/ISACwc/cabin/index.php:0
[01-Oct-2015 23:32:22 UTC] PHP   2. implode() /home/ubuntu/workspace/Prokop/ISACwc/cabin/index.php:37
[01-Oct-2015 23:32:22 UTC] PHP Warning:  implode(): Invalid arguments passed in /home/ubuntu/workspace/Prokop/ISACwc/cabin/index.php on line 38
[01-Oct-2015 23:32:22 UTC] PHP Stack trace:
[01-Oct-2015 23:32:22 UTC] PHP   1. {main}() /home/ubuntu/workspace/Prokop/ISACwc/cabin/index.php:0
[01-Oct-2015 23:32:22 UTC] PHP   2. implode() /home/ubuntu/workspace/Prokop/ISACwc/cabin/index.php:38
[01-Oct-2015 23:32:22 UTC] PHP Warning:  implode(): Invalid arguments passed in /home/ubuntu/workspace/Prokop/ISACwc/cabin/index.php on line 39
[01-Oct-2015 23:32:22 UTC] PHP Stack trace:
[01-Oct-2015 23:32:22 UTC] PHP   1. {main}() /home/ubuntu/workspace/Prokop/ISACwc/cabin/index.php:0
[01-Oct-2015 23:32:22 UTC] PHP   2. implode() /home/ubuntu/workspace/Prokop/ISACwc/cabin/index.php:39
[01-Oct-2015 23:34:35 UTC] PHP Parse error:  syntax error, unexpected ';', expecting ')' in /home/ubuntu/workspace/Prokop/ISACwc/php/fileworker.php on line 90
[01-Oct-2015 23:39:46 UTC] PHP Warning:  explode() expects parameter 2 to be string, array given in /home/ubuntu/workspace/Prokop/ISACwc/php/fileworker.php on line 84
[01-Oct-2015 23:39:46 UTC] PHP Stack trace:
[01-Oct-2015 23:39:46 UTC] PHP   1. {main}() /home/ubuntu/workspace/Prokop/ISACwc/php/fileworker.php:0
[01-Oct-2015 23:39:46 UTC] PHP   2. danceWithJson() /home/ubuntu/workspace/Prokop/ISACwc/php/fileworker.php:126
[01-Oct-2015 23:39:46 UTC] PHP   3. explode() /home/ubuntu/workspace/Prokop/ISACwc/php/fileworker.php:84
[01-Oct-2015 23:39:46 UTC] PHP Warning:  explode() expects parameter 2 to be string, array given in /home/ubuntu/workspace/Prokop/ISACwc/php/fileworker.php on line 85
[01-Oct-2015 23:39:46 UTC] PHP Stack trace:
[01-Oct-2015 23:39:46 UTC] PHP   1. {main}() /home/ubuntu/workspace/Prokop/ISACwc/php/fileworker.php:0
[01-Oct-2015 23:39:46 UTC] PHP   2. danceWithJson() /home/ubuntu/workspace/Prokop/ISACwc/php/fileworker.php:126
[01-Oct-2015 23:39:46 UTC] PHP   3. explode() /home/ubuntu/workspace/Prokop/ISACwc/php/fileworker.php:85
[01-Oct-2015 23:39:46 UTC] PHP Warning:  explode() expects parameter 2 to be string, array given in /home/ubuntu/workspace/Prokop/ISACwc/php/fileworker.php on line 86
[01-Oct-2015 23:39:46 UTC] PHP Stack trace:
[01-Oct-2015 23:39:46 UTC] PHP   1. {main}() /home/ubuntu/workspace/Prokop/ISACwc/php/fileworker.php:0
[01-Oct-2015 23:39:46 UTC] PHP   2. danceWithJson() /home/ubuntu/workspace/Prokop/ISACwc/php/fileworker.php:126
[01-Oct-2015 23:39:46 UTC] PHP   3. explode() /home/ubuntu/workspace/Prokop/ISACwc/php/fileworker.php:86
[01-Oct-2015 23:39:46 UTC] PHP Warning:  explode() expects parameter 2 to be string, array given in /home/ubuntu/workspace/Prokop/ISACwc/php/fileworker.php on line 87
[01-Oct-2015 23:39:46 UTC] PHP Stack trace:
[01-Oct-2015 23:39:46 UTC] PHP   1. {main}() /home/ubuntu/workspace/Prokop/ISACwc/php/fileworker.php:0
[01-Oct-2015 23:39:46 UTC] PHP   2. danceWithJson() /home/ubuntu/workspace/Prokop/ISACwc/php/fileworker.php:126
[01-Oct-2015 23:39:46 UTC] PHP   3. explode() /home/ubuntu/workspace/Prokop/ISACwc/php/fileworker.php:87
[01-Oct-2015 23:39:46 UTC] PHP Warning:  explode() expects parameter 2 to be string, array given in /home/ubuntu/workspace/Prokop/ISACwc/php/fileworker.php on line 84
[01-Oct-2015 23:39:46 UTC] PHP Stack trace:
[01-Oct-2015 23:39:46 UTC] PHP   1. {main}() /home/ubuntu/workspace/Prokop/ISACwc/php/fileworker.php:0
[01-Oct-2015 23:39:46 UTC] PHP   2. danceWithJson() /home/ubuntu/workspace/Prokop/ISACwc/php/fileworker.php:126
[01-Oct-2015 23:39:46 UTC] PHP   3. explode() /home/ubuntu/workspace/Prokop/ISACwc/php/fileworker.php:84
[01-Oct-2015 23:39:46 UTC] PHP Warning:  explode() expects parameter 2 to be string, array given in /home/ubuntu/workspace/Prokop/ISACwc/php/fileworker.php on line 85
[01-Oct-2015 23:39:46 UTC] PHP Stack trace:
[01-Oct-2015 23:39:46 UTC] PHP   1. {main}() /home/ubuntu/workspace/Prokop/ISACwc/php/fileworker.php:0
[01-Oct-2015 23:39:46 UTC] PHP   2. danceWithJson() /home/ubuntu/workspace/Prokop/ISACwc/php/fileworker.php:126
[01-Oct-2015 23:39:46 UTC] PHP   3. explode() /home/ubuntu/workspace/Prokop/ISACwc/php/fileworker.php:85
[01-Oct-2015 23:39:46 UTC] PHP Warning:  explode() expects parameter 2 to be string, array given in /home/ubuntu/workspace/Prokop/ISACwc/php/fileworker.php on line 86
[01-Oct-2015 23:39:46 UTC] PHP Stack trace:
[01-Oct-2015 23:39:46 UTC] PHP   1. {main}() /home/ubuntu/workspace/Prokop/ISACwc/php/fileworker.php:0
[01-Oct-2015 23:39:46 UTC] PHP   2. danceWithJson() /home/ubuntu/workspace/Prokop/ISACwc/php/fileworker.php:126
[01-Oct-2015 23:39:46 UTC] PHP   3. explode() /home/ubuntu/workspace/Prokop/ISACwc/php/fileworker.php:86
[01-Oct-2015 23:39:46 UTC] PHP Warning:  explode() expects parameter 2 to be string, array given in /home/ubuntu/workspace/Prokop/ISACwc/php/fileworker.php on line 87
[01-Oct-2015 23:39:46 UTC] PHP Stack trace:
[01-Oct-2015 23:39:46 UTC] PHP   1. {main}() /home/ubuntu/workspace/Prokop/ISACwc/php/fileworker.php:0
[01-Oct-2015 23:39:46 UTC] PHP   2. danceWithJson() /home/ubuntu/workspace/Prokop/ISACwc/php/fileworker.php:126
[01-Oct-2015 23:39:46 UTC] PHP   3. explode() /home/ubuntu/workspace/Prokop/ISACwc/php/fileworker.php:87
[01-Oct-2015 23:40:40 UTC] PHP Warning:  explode() expects parameter 2 to be string, array given in /home/ubuntu/workspace/Prokop/ISACwc/php/fileworker.php on line 84
[01-Oct-2015 23:40:40 UTC] PHP Stack trace:
[01-Oct-2015 23:40:40 UTC] PHP   1. {main}() /home/ubuntu/workspace/Prokop/ISACwc/php/fileworker.php:0
[01-Oct-2015 23:40:40 UTC] PHP   2. danceWithJson() /home/ubuntu/workspace/Prokop/ISACwc/php/fileworker.php:126
[01-Oct-2015 23:40:40 UTC] PHP   3. explode() /home/ubuntu/workspace/Prokop/ISACwc/php/fileworker.php:84
[01-Oct-2015 23:40:40 UTC] PHP Warning:  explode() expects parameter 2 to be string, array given in /home/ubuntu/workspace/Prokop/ISACwc/php/fileworker.php on line 85
[01-Oct-2015 23:40:40 UTC] PHP Stack trace:
[01-Oct-2015 23:40:40 UTC] PHP   1. {main}() /home/ubuntu/workspace/Prokop/ISACwc/php/fileworker.php:0
[01-Oct-2015 23:40:40 UTC] PHP   2. danceWithJson() /home/ubuntu/workspace/Prokop/ISACwc/php/fileworker.php:126
[01-Oct-2015 23:40:40 UTC] PHP   3. explode() /home/ubuntu/workspace/Prokop/ISACwc/php/fileworker.php:85
[01-Oct-2015 23:40:40 UTC] PHP Warning:  explode() expects parameter 2 to be string, array given in /home/ubuntu/workspace/Prokop/ISACwc/php/fileworker.php on line 86
[01-Oct-2015 23:40:40 UTC] PHP Stack trace:
[01-Oct-2015 23:40:40 UTC] PHP   1. {main}() /home/ubuntu/workspace/Prokop/ISACwc/php/fileworker.php:0
[01-Oct-2015 23:40:40 UTC] PHP   2. danceWithJson() /home/ubuntu/workspace/Prokop/ISACwc/php/fileworker.php:126
[01-Oct-2015 23:40:40 UTC] PHP   3. explode() /home/ubuntu/workspace/Prokop/ISACwc/php/fileworker.php:86
[01-Oct-2015 23:40:40 UTC] PHP Warning:  explode() expects parameter 2 to be string, array given in /home/ubuntu/workspace/Prokop/ISACwc/php/fileworker.php on line 87
[01-Oct-2015 23:40:40 UTC] PHP Stack trace:
[01-Oct-2015 23:40:40 UTC] PHP   1. {main}() /home/ubuntu/workspace/Prokop/ISACwc/php/fileworker.php:0
[01-Oct-2015 23:40:40 UTC] PHP   2. danceWithJson() /home/ubuntu/workspace/Prokop/ISACwc/php/fileworker.php:126
[01-Oct-2015 23:40:40 UTC] PHP   3. explode() /home/ubuntu/workspace/Prokop/ISACwc/php/fileworker.php:87
[01-Oct-2015 23:40:40 UTC] PHP Warning:  explode() expects parameter 2 to be string, array given in /home/ubuntu/workspace/Prokop/ISACwc/php/fileworker.php on line 84
[01-Oct-2015 23:40:40 UTC] PHP Stack trace:
[01-Oct-2015 23:40:40 UTC] PHP   1. {main}() /home/ubuntu/workspace/Prokop/ISACwc/php/fileworker.php:0
[01-Oct-2015 23:40:40 UTC] PHP   2. danceWithJson() /home/ubuntu/workspace/Prokop/ISACwc/php/fileworker.php:126
[01-Oct-2015 23:40:40 UTC] PHP   3. explode() /home/ubuntu/workspace/Prokop/ISACwc/php/fileworker.php:84
[01-Oct-2015 23:40:40 UTC] PHP Warning:  explode() expects parameter 2 to be string, array given in /home/ubuntu/workspace/Prokop/ISACwc/php/fileworker.php on line 85
[01-Oct-2015 23:40:40 UTC] PHP Stack trace:
[01-Oct-2015 23:40:40 UTC] PHP   1. {main}() /home/ubuntu/workspace/Prokop/ISACwc/php/fileworker.php:0
[01-Oct-2015 23:40:40 UTC] PHP   2. danceWithJson() /home/ubuntu/workspace/Prokop/ISACwc/php/fileworker.php:126
[01-Oct-2015 23:40:40 UTC] PHP   3. explode() /home/ubuntu/workspace/Prokop/ISACwc/php/fileworker.php:85
[01-Oct-2015 23:40:40 UTC] PHP Warning:  explode() expects parameter 2 to be string, array given in /home/ubuntu/workspace/Prokop/ISACwc/php/fileworker.php on line 86
[01-Oct-2015 23:40:40 UTC] PHP Stack trace:
[01-Oct-2015 23:40:40 UTC] PHP   1. {main}() /home/ubuntu/workspace/Prokop/ISACwc/php/fileworker.php:0
[01-Oct-2015 23:40:40 UTC] PHP   2. danceWithJson() /home/ubuntu/workspace/Prokop/ISACwc/php/fileworker.php:126
[01-Oct-2015 23:40:40 UTC] PHP   3. explode() /home/ubuntu/workspace/Prokop/ISACwc/php/fileworker.php:86
[01-Oct-2015 23:40:40 UTC] PHP Warning:  explode() expects parameter 2 to be string, array given in /home/ubuntu/workspace/Prokop/ISACwc/php/fileworker.php on line 87
[01-Oct-2015 23:40:40 UTC] PHP Stack trace:
[01-Oct-2015 23:40:40 UTC] PHP   1. {main}() /home/ubuntu/workspace/Prokop/ISACwc/php/fileworker.php:0
[01-Oct-2015 23:40:40 UTC] PHP   2. danceWithJson() /home/ubuntu/workspace/Prokop/ISACwc/php/fileworker.php:126
[01-Oct-2015 23:40:40 UTC] PHP   3. explode() /home/ubuntu/workspace/Prokop/ISACwc/php/fileworker.php:87
[01-Oct-2015 23:42:07 UTC] PHP Warning:  explode() expects parameter 2 to be string, array given in /home/ubuntu/workspace/Prokop/ISACwc/php/fileworker.php on line 84
[01-Oct-2015 23:42:07 UTC] PHP Stack trace:
[01-Oct-2015 23:42:07 UTC] PHP   1. {main}() /home/ubuntu/workspace/Prokop/ISACwc/php/fileworker.php:0
[01-Oct-2015 23:42:07 UTC] PHP   2. danceWithJson() /home/ubuntu/workspace/Prokop/ISACwc/php/fileworker.php:126
[01-Oct-2015 23:42:07 UTC] PHP   3. explode() /home/ubuntu/workspace/Prokop/ISACwc/php/fileworker.php:84
[01-Oct-2015 23:42:07 UTC] PHP Warning:  explode() expects parameter 2 to be string, array given in /home/ubuntu/workspace/Prokop/ISACwc/php/fileworker.php on line 85
[01-Oct-2015 23:42:07 UTC] PHP Stack trace:
[01-Oct-2015 23:42:07 UTC] PHP   1. {main}() /home/ubuntu/workspace/Prokop/ISACwc/php/fileworker.php:0
[01-Oct-2015 23:42:07 UTC] PHP   2. danceWithJson() /home/ubuntu/workspace/Prokop/ISACwc/php/fileworker.php:126
[01-Oct-2015 23:42:07 UTC] PHP   3. explode() /home/ubuntu/workspace/Prokop/ISACwc/php/fileworker.php:85
[01-Oct-2015 23:42:07 UTC] PHP Warning:  explode() expects parameter 2 to be string, array given in /home/ubuntu/workspace/Prokop/ISACwc/php/fileworker.php on line 84
[01-Oct-2015 23:42:07 UTC] PHP Stack trace:
[01-Oct-2015 23:42:07 UTC] PHP   1. {main}() /home/ubuntu/workspace/Prokop/ISACwc/php/fileworker.php:0
[01-Oct-2015 23:42:07 UTC] PHP   2. danceWithJson() /home/ubuntu/workspace/Prokop/ISACwc/php/fileworker.php:126
[01-Oct-2015 23:42:07 UTC] PHP   3. explode() /home/ubuntu/workspace/Prokop/ISACwc/php/fileworker.php:84
[01-Oct-2015 23:42:07 UTC] PHP Warning:  explode() expects parameter 2 to be string, array given in /home/ubuntu/workspace/Prokop/ISACwc/php/fileworker.php on line 85
[01-Oct-2015 23:42:07 UTC] PHP Stack trace:
[01-Oct-2015 23:42:07 UTC] PHP   1. {main}() /home/ubuntu/workspace/Prokop/ISACwc/php/fileworker.php:0
[01-Oct-2015 23:42:07 UTC] PHP   2. danceWithJson() /home/ubuntu/workspace/Prokop/ISACwc/php/fileworker.php:126
[01-Oct-2015 23:42:07 UTC] PHP   3. explode() /home/ubuntu/workspace/Prokop/ISACwc/php/fileworker.php:85
[01-Oct-2015 23:42:07 UTC] PHP Warning:  explode() expects parameter 2 to be string, array given in /home/ubuntu/workspace/Prokop/ISACwc/php/fileworker.php on line 84
[01-Oct-2015 23:42:07 UTC] PHP Stack trace:
[01-Oct-2015 23:42:07 UTC] PHP   1. {main}() /home/ubuntu/workspace/Prokop/ISACwc/php/fileworker.php:0
[01-Oct-2015 23:42:07 UTC] PHP   2. danceWithJson() /home/ubuntu/workspace/Prokop/ISACwc/php/fileworker.php:126
[01-Oct-2015 23:42:07 UTC] PHP   3. explode() /home/ubuntu/workspace/Prokop/ISACwc/php/fileworker.php:84
[01-Oct-2015 23:42:07 UTC] PHP Warning:  explode() expects parameter 2 to be string, array given in /home/ubuntu/workspace/Prokop/ISACwc/php/fileworker.php on line 85
[01-Oct-2015 23:42:07 UTC] PHP Stack trace:
[01-Oct-2015 23:42:07 UTC] PHP   1. {main}() /home/ubuntu/workspace/Prokop/ISACwc/php/fileworker.php:0
[01-Oct-2015 23:42:07 UTC] PHP   2. danceWithJson() /home/ubuntu/workspace/Prokop/ISACwc/php/fileworker.php:126
[01-Oct-2015 23:42:07 UTC] PHP   3. explode() /home/ubuntu/workspace/Prokop/ISACwc/php/fileworker.php:85
[01-Oct-2015 23:42:07 UTC] PHP Warning:  explode() expects parameter 2 to be string, array given in /home/ubuntu/workspace/Prokop/ISACwc/php/fileworker.php on line 84
[01-Oct-2015 23:42:07 UTC] PHP Stack trace:
[01-Oct-2015 23:42:07 UTC] PHP   1. {main}() /home/ubuntu/workspace/Prokop/ISACwc/php/fileworker.php:0
[01-Oct-2015 23:42:07 UTC] PHP   2. danceWithJson() /home/ubuntu/workspace/Prokop/ISACwc/php/fileworker.php:126
[01-Oct-2015 23:42:07 UTC] PHP   3. explode() /home/ubuntu/workspace/Prokop/ISACwc/php/fileworker.php:84
[01-Oct-2015 23:42:07 UTC] PHP Warning:  explode() expects parameter 2 to be string, array given in /home/ubuntu/workspace/Prokop/ISACwc/php/fileworker.php on line 85
[01-Oct-2015 23:42:07 UTC] PHP Stack trace:
[01-Oct-2015 23:42:07 UTC] PHP   1. {main}() /home/ubuntu/workspace/Prokop/ISACwc/php/fileworker.php:0
[01-Oct-2015 23:42:07 UTC] PHP   2. danceWithJson() /home/ubuntu/workspace/Prokop/ISACwc/php/fileworker.php:126
[01-Oct-2015 23:42:07 UTC] PHP   3. explode() /home/ubuntu/workspace/Prokop/ISACwc/php/fileworker.php:85
[01-Oct-2015 23:42:34 UTC] PHP Warning:  explode() expects parameter 2 to be string, array given in /home/ubuntu/workspace/Prokop/ISACwc/php/fileworker.php on line 84
[01-Oct-2015 23:42:34 UTC] PHP Stack trace:
[01-Oct-2015 23:42:34 UTC] PHP   1. {main}() /home/ubuntu/workspace/Prokop/ISACwc/php/fileworker.php:0
[01-Oct-2015 23:42:34 UTC] PHP   2. danceWithJson() /home/ubuntu/workspace/Prokop/ISACwc/php/fileworker.php:126
[01-Oct-2015 23:42:34 UTC] PHP   3. explode() /home/ubuntu/workspace/Prokop/ISACwc/php/fileworker.php:84
[01-Oct-2015 23:42:34 UTC] PHP Warning:  explode() expects parameter 2 to be string, array given in /home/ubuntu/workspace/Prokop/ISACwc/php/fileworker.php on line 85
[01-Oct-2015 23:42:34 UTC] PHP Stack trace:
[01-Oct-2015 23:42:34 UTC] PHP   1. {main}() /home/ubuntu/workspace/Prokop/ISACwc/php/fileworker.php:0
[01-Oct-2015 23:42:34 UTC] PHP   2. danceWithJson() /home/ubuntu/workspace/Prokop/ISACwc/php/fileworker.php:126
[01-Oct-2015 23:42:34 UTC] PHP   3. explode() /home/ubuntu/workspace/Prokop/ISACwc/php/fileworker.php:85
[01-Oct-2015 23:42:34 UTC] PHP Warning:  explode() expects parameter 2 to be string, array given in /home/ubuntu/workspace/Prokop/ISACwc/php/fileworker.php on line 84
[01-Oct-2015 23:42:34 UTC] PHP Stack trace:
[01-Oct-2015 23:42:34 UTC] PHP   1. {main}() /home/ubuntu/workspace/Prokop/ISACwc/php/fileworker.php:0
[01-Oct-2015 23:42:34 UTC] PHP   2. danceWithJson() /home/ubuntu/workspace/Prokop/ISACwc/php/fileworker.php:126
[01-Oct-2015 23:42:34 UTC] PHP   3. explode() /home/ubuntu/workspace/Prokop/ISACwc/php/fileworker.php:84
[01-Oct-2015 23:42:34 UTC] PHP Warning:  explode() expects parameter 2 to be string, array given in /home/ubuntu/workspace/Prokop/ISACwc/php/fileworker.php on line 85
[01-Oct-2015 23:42:34 UTC] PHP Stack trace:
[01-Oct-2015 23:42:34 UTC] PHP   1. {main}() /home/ubuntu/workspace/Prokop/ISACwc/php/fileworker.php:0
[01-Oct-2015 23:42:34 UTC] PHP   2. danceWithJson() /home/ubuntu/workspace/Prokop/ISACwc/php/fileworker.php:126
[01-Oct-2015 23:42:34 UTC] PHP   3. explode() /home/ubuntu/workspace/Prokop/ISACwc/php/fileworker.php:85
[01-Oct-2015 23:42:34 UTC] PHP Warning:  explode() expects parameter 2 to be string, array given in /home/ubuntu/workspace/Prokop/ISACwc/php/fileworker.php on line 84
[01-Oct-2015 23:42:34 UTC] PHP Stack trace:
[01-Oct-2015 23:42:34 UTC] PHP   1. {main}() /home/ubuntu/workspace/Prokop/ISACwc/php/fileworker.php:0
[01-Oct-2015 23:42:34 UTC] PHP   2. danceWithJson() /home/ubuntu/workspace/Prokop/ISACwc/php/fileworker.php:126
[01-Oct-2015 23:42:34 UTC] PHP   3. explode() /home/ubuntu/workspace/Prokop/ISACwc/php/fileworker.php:84
[01-Oct-2015 23:42:34 UTC] PHP Warning:  explode() expects parameter 2 to be string, array given in /home/ubuntu/workspace/Prokop/ISACwc/php/fileworker.php on line 85
[01-Oct-2015 23:42:34 UTC] PHP Stack trace:
[01-Oct-2015 23:42:34 UTC] PHP   1. {main}() /home/ubuntu/workspace/Prokop/ISACwc/php/fileworker.php:0
[01-Oct-2015 23:42:34 UTC] PHP   2. danceWithJson() /home/ubuntu/workspace/Prokop/ISACwc/php/fileworker.php:126
[01-Oct-2015 23:42:34 UTC] PHP   3. explode() /home/ubuntu/workspace/Prokop/ISACwc/php/fileworker.php:85
[01-Oct-2015 23:42:34 UTC] PHP Warning:  explode() expects parameter 2 to be string, array given in /home/ubuntu/workspace/Prokop/ISACwc/php/fileworker.php on line 84
[01-Oct-2015 23:42:34 UTC] PHP Stack trace:
[01-Oct-2015 23:42:34 UTC] PHP   1. {main}() /home/ubuntu/workspace/Prokop/ISACwc/php/fileworker.php:0
[01-Oct-2015 23:42:34 UTC] PHP   2. danceWithJson() /home/ubuntu/workspace/Prokop/ISACwc/php/fileworker.php:126
[01-Oct-2015 23:42:34 UTC] PHP   3. explode() /home/ubuntu/workspace/Prokop/ISACwc/php/fileworker.php:84
[01-Oct-2015 23:42:34 UTC] PHP Warning:  explode() expects parameter 2 to be string, array given in /home/ubuntu/workspace/Prokop/ISACwc/php/fileworker.php on line 85
[01-Oct-2015 23:42:34 UTC] PHP Stack trace:
[01-Oct-2015 23:42:34 UTC] PHP   1. {main}() /home/ubuntu/workspace/Prokop/ISACwc/php/fileworker.php:0
[01-Oct-2015 23:42:34 UTC] PHP   2. danceWithJson() /home/ubuntu/workspace/Prokop/ISACwc/php/fileworker.php:126
[01-Oct-2015 23:42:34 UTC] PHP   3. explode() /home/ubuntu/workspace/Prokop/ISACwc/php/fileworker.php:85
[01-Oct-2015 23:42:34 UTC] PHP Warning:  explode() expects parameter 2 to be string, array given in /home/ubuntu/workspace/Prokop/ISACwc/php/fileworker.php on line 84
[01-Oct-2015 23:42:34 UTC] PHP Stack trace:
[01-Oct-2015 23:42:34 UTC] PHP   1. {main}() /home/ubuntu/workspace/Prokop/ISACwc/php/fileworker.php:0
[01-Oct-2015 23:42:34 UTC] PHP   2. danceWithJson() /home/ubuntu/workspace/Prokop/ISACwc/php/fileworker.php:126
[01-Oct-2015 23:42:34 UTC] PHP   3. explode() /home/ubuntu/workspace/Prokop/ISACwc/php/fileworker.php:84
[01-Oct-2015 23:42:34 UTC] PHP Warning:  explode() expects parameter 2 to be string, array given in /home/ubuntu/workspace/Prokop/ISACwc/php/fileworker.php on line 85
[01-Oct-2015 23:42:34 UTC] PHP Stack trace:
[01-Oct-2015 23:42:34 UTC] PHP   1. {main}() /home/ubuntu/workspace/Prokop/ISACwc/php/fileworker.php:0
[01-Oct-2015 23:42:34 UTC] PHP   2. danceWithJson() /home/ubuntu/workspace/Prokop/ISACwc/php/fileworker.php:126
[01-Oct-2015 23:42:34 UTC] PHP   3. explode() /home/ubuntu/workspace/Prokop/ISACwc/php/fileworker.php:85
[01-Oct-2015 23:42:34 UTC] PHP Warning:  explode() expects parameter 2 to be string, array given in /home/ubuntu/workspace/Prokop/ISACwc/php/fileworker.php on line 84
[01-Oct-2015 23:42:34 UTC] PHP Stack trace:
[01-Oct-2015 23:42:34 UTC] PHP   1. {main}() /home/ubuntu/workspace/Prokop/ISACwc/php/fileworker.php:0
[01-Oct-2015 23:42:34 UTC] PHP   2. danceWithJson() /home/ubuntu/workspace/Prokop/ISACwc/php/fileworker.php:126
[01-Oct-2015 23:42:34 UTC] PHP   3. explode() /home/ubuntu/workspace/Prokop/ISACwc/php/fileworker.php:84
[01-Oct-2015 23:42:34 UTC] PHP Warning:  explode() expects parameter 2 to be string, array given in /home/ubuntu/workspace/Prokop/ISACwc/php/fileworker.php on line 85
[01-Oct-2015 23:42:34 UTC] PHP Stack trace:
[01-Oct-2015 23:42:34 UTC] PHP   1. {main}() /home/ubuntu/workspace/Prokop/ISACwc/php/fileworker.php:0
[01-Oct-2015 23:42:34 UTC] PHP   2. danceWithJson() /home/ubuntu/workspace/Prokop/ISACwc/php/fileworker.php:126
[01-Oct-2015 23:42:34 UTC] PHP   3. explode() /home/ubuntu/workspace/Prokop/ISACwc/php/fileworker.php:85
[01-Oct-2015 23:42:34 UTC] PHP Warning:  explode() expects parameter 2 to be string, array given in /home/ubuntu/workspace/Prokop/ISACwc/php/fileworker.php on line 84
[01-Oct-2015 23:42:34 UTC] PHP Stack trace:
[01-Oct-2015 23:42:34 UTC] PHP   1. {main}() /home/ubuntu/workspace/Prokop/ISACwc/php/fileworker.php:0
[01-Oct-2015 23:42:34 UTC] PHP   2. danceWithJson() /home/ubuntu/workspace/Prokop/ISACwc/php/fileworker.php:126
[01-Oct-2015 23:42:34 UTC] PHP   3. explode() /home/ubuntu/workspace/Prokop/ISACwc/php/fileworker.php:84
[01-Oct-2015 23:42:34 UTC] PHP Warning:  explode() expects parameter 2 to be string, array given in /home/ubuntu/workspace/Prokop/ISACwc/php/fileworker.php on line 85
[01-Oct-2015 23:42:34 UTC] PHP Stack trace:
[01-Oct-2015 23:42:34 UTC] PHP   1. {main}() /home/ubuntu/workspace/Prokop/ISACwc/php/fileworker.php:0
[01-Oct-2015 23:42:34 UTC] PHP   2. danceWithJson() /home/ubuntu/workspace/Prokop/ISACwc/php/fileworker.php:126
[01-Oct-2015 23:42:34 UTC] PHP   3. explode() /home/ubuntu/workspace/Prokop/ISACwc/php/fileworker.php:85
[01-Oct-2015 23:42:34 UTC] PHP Warning:  explode() expects parameter 2 to be string, array given in /home/ubuntu/workspace/Prokop/ISACwc/php/fileworker.php on line 84
[01-Oct-2015 23:42:34 UTC] PHP Stack trace:
[01-Oct-2015 23:42:34 UTC] PHP   1. {main}() /home/ubuntu/workspace/Prokop/ISACwc/php/fileworker.php:0
[01-Oct-2015 23:42:34 UTC] PHP   2. danceWithJson() /home/ubuntu/workspace/Prokop/ISACwc/php/fileworker.php:126
[01-Oct-2015 23:42:34 UTC] PHP   3. explode() /home/ubuntu/workspace/Prokop/ISACwc/php/fileworker.php:84
[01-Oct-2015 23:42:34 UTC] PHP Warning:  explode() expects parameter 2 to be string, array given in /home/ubuntu/workspace/Prokop/ISACwc/php/fileworker.php on line 85
[01-Oct-2015 23:42:34 UTC] PHP Stack trace:
[01-Oct-2015 23:42:34 UTC] PHP   1. {main}() /home/ubuntu/workspace/Prokop/ISACwc/php/fileworker.php:0
[01-Oct-2015 23:42:34 UTC] PHP   2. danceWithJson() /home/ubuntu/workspace/Prokop/ISACwc/php/fileworker.php:126
[01-Oct-2015 23:42:34 UTC] PHP   3. explode() /home/ubuntu/workspace/Prokop/ISACwc/php/fileworker.php:85
[01-Oct-2015 23:42:49 UTC] PHP Warning:  explode() expects parameter 2 to be string, array given in /home/ubuntu/workspace/Prokop/ISACwc/php/fileworker.php on line 84
[01-Oct-2015 23:42:49 UTC] PHP Stack trace:
[01-Oct-2015 23:42:49 UTC] PHP   1. {main}() /home/ubuntu/workspace/Prokop/ISACwc/php/fileworker.php:0
[01-Oct-2015 23:42:49 UTC] PHP   2. danceWithJson() /home/ubuntu/workspace/Prokop/ISACwc/php/fileworker.php:126
[01-Oct-2015 23:42:49 UTC] PHP   3. explode() /home/ubuntu/workspace/Prokop/ISACwc/php/fileworker.php:84
[01-Oct-2015 23:42:49 UTC] PHP Warning:  explode() expects parameter 2 to be string, array given in /home/ubuntu/workspace/Prokop/ISACwc/php/fileworker.php on line 85
[01-Oct-2015 23:42:49 UTC] PHP Stack trace:
[01-Oct-2015 23:42:49 UTC] PHP   1. {main}() /home/ubuntu/workspace/Prokop/ISACwc/php/fileworker.php:0
[01-Oct-2015 23:42:49 UTC] PHP   2. danceWithJson() /home/ubuntu/workspace/Prokop/ISACwc/php/fileworker.php:126
[01-Oct-2015 23:42:49 UTC] PHP   3. explode() /home/ubuntu/workspace/Prokop/ISACwc/php/fileworker.php:85
[01-Oct-2015 23:42:49 UTC] PHP Warning:  explode() expects parameter 2 to be string, array given in /home/ubuntu/workspace/Prokop/ISACwc/php/fileworker.php on line 84
[01-Oct-2015 23:42:49 UTC] PHP Stack trace:
[01-Oct-2015 23:42:49 UTC] PHP   1. {main}() /home/ubuntu/workspace/Prokop/ISACwc/php/fileworker.php:0
[01-Oct-2015 23:42:49 UTC] PHP   2. danceWithJson() /home/ubuntu/workspace/Prokop/ISACwc/php/fileworker.php:126
[01-Oct-2015 23:42:49 UTC] PHP   3. explode() /home/ubuntu/workspace/Prokop/ISACwc/php/fileworker.php:84
[01-Oct-2015 23:42:49 UTC] PHP Warning:  explode() expects parameter 2 to be string, array given in /home/ubuntu/workspace/Prokop/ISACwc/php/fileworker.php on line 85
[01-Oct-2015 23:42:49 UTC] PHP Stack trace:
[01-Oct-2015 23:42:49 UTC] PHP   1. {main}() /home/ubuntu/workspace/Prokop/ISACwc/php/fileworker.php:0
[01-Oct-2015 23:42:49 UTC] PHP   2. danceWithJson() /home/ubuntu/workspace/Prokop/ISACwc/php/fileworker.php:126
[01-Oct-2015 23:42:49 UTC] PHP   3. explode() /home/ubuntu/workspace/Prokop/ISACwc/php/fileworker.php:85
[01-Oct-2015 23:45:55 UTC] PHP Fatal error:  Cannot use object of type stdClass as array in /home/ubuntu/workspace/Prokop/ISACwc/php/fileworker.php on line 93
[01-Oct-2015 23:45:55 UTC] PHP Stack trace:
[01-Oct-2015 23:45:55 UTC] PHP   1. {main}() /home/ubuntu/workspace/Prokop/ISACwc/php/fileworker.php:0
[01-Oct-2015 23:45:55 UTC] PHP   2. danceWithJson() /home/ubuntu/workspace/Prokop/ISACwc/php/fileworker.php:126
[01-Oct-2015 23:46:54 UTC] PHP Fatal error:  Cannot use object of type stdClass as array in /home/ubuntu/workspace/Prokop/ISACwc/php/fileworker.php on line 84
[01-Oct-2015 23:46:54 UTC] PHP Stack trace:
[01-Oct-2015 23:46:54 UTC] PHP   1. {main}() /home/ubuntu/workspace/Prokop/ISACwc/php/fileworker.php:0
[01-Oct-2015 23:46:54 UTC] PHP   2. danceWithJson() /home/ubuntu/workspace/Prokop/ISACwc/php/fileworker.php:126
[01-Oct-2015 23:46:54 UTC] PHP Fatal error:  Cannot use object of type stdClass as array in /home/ubuntu/workspace/Prokop/ISACwc/php/fileworker.php on line 84
[01-Oct-2015 23:46:54 UTC] PHP Stack trace:
[01-Oct-2015 23:46:54 UTC] PHP   1. {main}() /home/ubuntu/workspace/Prokop/ISACwc/php/fileworker.php:0
[01-Oct-2015 23:46:54 UTC] PHP   2. danceWithJson() /home/ubuntu/workspace/Prokop/ISACwc/php/fileworker.php:126
[01-Oct-2015 23:47:49 UTC] PHP Fatal error:  Cannot use object of type stdClass as array in /home/ubuntu/workspace/Prokop/ISACwc/php/fileworker.php on line 84
[01-Oct-2015 23:47:49 UTC] PHP Stack trace:
[01-Oct-2015 23:47:49 UTC] PHP   1. {main}() /home/ubuntu/workspace/Prokop/ISACwc/php/fileworker.php:0
[01-Oct-2015 23:47:49 UTC] PHP   2. danceWithJson() /home/ubuntu/workspace/Prokop/ISACwc/php/fileworker.php:126
[01-Oct-2015 23:47:49 UTC] PHP Fatal error:  Cannot use object of type stdClass as array in /home/ubuntu/workspace/Prokop/ISACwc/php/fileworker.php on line 84
[01-Oct-2015 23:47:49 UTC] PHP Stack trace:
[01-Oct-2015 23:47:49 UTC] PHP   1. {main}() /home/ubuntu/workspace/Prokop/ISACwc/php/fileworker.php:0
[01-Oct-2015 23:47:49 UTC] PHP   2. danceWithJson() /home/ubuntu/workspace/Prokop/ISACwc/php/fileworker.php:126
[01-Oct-2015 23:47:49 UTC] PHP Fatal error:  Cannot use object of type stdClass as array in /home/ubuntu/workspace/Prokop/ISACwc/php/fileworker.php on line 84
[01-Oct-2015 23:47:49 UTC] PHP Stack trace:
[01-Oct-2015 23:47:49 UTC] PHP   1. {main}() /home/ubuntu/workspace/Prokop/ISACwc/php/fileworker.php:0
[01-Oct-2015 23:47:49 UTC] PHP   2. danceWithJson() /home/ubuntu/workspace/Prokop/ISACwc/php/fileworker.php:126
[01-Oct-2015 23:47:49 UTC] PHP Fatal error:  Cannot use object of type stdClass as array in /home/ubuntu/workspace/Prokop/ISACwc/php/fileworker.php on line 84
[01-Oct-2015 23:47:49 UTC] PHP Stack trace:
[01-Oct-2015 23:47:49 UTC] PHP   1. {main}() /home/ubuntu/workspace/Prokop/ISACwc/php/fileworker.php:0
[01-Oct-2015 23:47:49 UTC] PHP   2. danceWithJson() /home/ubuntu/workspace/Prokop/ISACwc/php/fileworker.php:126
[01-Oct-2015 23:48:41 UTC] PHP Fatal error:  Cannot use object of type stdClass as array in /home/ubuntu/workspace/Prokop/ISACwc/php/fileworker.php on line 84
[01-Oct-2015 23:48:41 UTC] PHP Stack trace:
[01-Oct-2015 23:48:41 UTC] PHP   1. {main}() /home/ubuntu/workspace/Prokop/ISACwc/php/fileworker.php:0
[01-Oct-2015 23:48:41 UTC] PHP   2. danceWithJson() /home/ubuntu/workspace/Prokop/ISACwc/php/fileworker.php:126
[01-Oct-2015 23:55:24 UTC] PHP Fatal error:  Cannot use object of type stdClass as array in /home/ubuntu/workspace/Prokop/ISACwc/php/fileworker.php on line 84
[01-Oct-2015 23:55:24 UTC] PHP Stack trace:
[01-Oct-2015 23:55:24 UTC] PHP   1. {main}() /home/ubuntu/workspace/Prokop/ISACwc/php/fileworker.php:0
[01-Oct-2015 23:55:24 UTC] PHP   2. danceWithJson() /home/ubuntu/workspace/Prokop/ISACwc/php/fileworker.php:126
[01-Oct-2015 23:55:24 UTC] PHP Fatal error:  Cannot use object of type stdClass as array in /home/ubuntu/workspace/Prokop/ISACwc/php/fileworker.php on line 84
[01-Oct-2015 23:55:24 UTC] PHP Stack trace:
[01-Oct-2015 23:55:24 UTC] PHP   1. {main}() /home/ubuntu/workspace/Prokop/ISACwc/php/fileworker.php:0
[01-Oct-2015 23:55:24 UTC] PHP   2. danceWithJson() /home/ubuntu/workspace/Prokop/ISACwc/php/fileworker.php:126
[02-Oct-2015 01:24:19 UTC] PHP Warning:  substr() expects at least 2 parameters, 1 given in /home/ubuntu/workspace/Prokop/ISACwc/php/fileworker.php on line 82
[02-Oct-2015 01:24:19 UTC] PHP Stack trace:
[02-Oct-2015 01:24:19 UTC] PHP   1. {main}() /home/ubuntu/workspace/Prokop/ISACwc/php/fileworker.php:0
[02-Oct-2015 01:24:19 UTC] PHP   2. danceWithJson() /home/ubuntu/workspace/Prokop/ISACwc/php/fileworker.php:124
[02-Oct-2015 01:24:19 UTC] PHP   3. substr() /home/ubuntu/workspace/Prokop/ISACwc/php/fileworker.php:82
[02-Oct-2015 01:24:49 UTC] PHP Warning:  substr_count() expects at least 2 parameters, 1 given in /home/ubuntu/workspace/Prokop/ISACwc/php/fileworker.php on line 82
[02-Oct-2015 01:24:49 UTC] PHP Stack trace:
[02-Oct-2015 01:24:49 UTC] PHP   1. {main}() /home/ubuntu/workspace/Prokop/ISACwc/php/fileworker.php:0
[02-Oct-2015 01:24:49 UTC] PHP   2. danceWithJson() /home/ubuntu/workspace/Prokop/ISACwc/php/fileworker.php:124
[02-Oct-2015 01:24:49 UTC] PHP   3. substr_count() /home/ubuntu/workspace/Prokop/ISACwc/php/fileworker.php:82
[02-Oct-2015 01:24:49 UTC] PHP Warning:  substr_count() expects at least 2 parameters, 1 given in /home/ubuntu/workspace/Prokop/ISACwc/php/fileworker.php on line 82
[02-Oct-2015 01:24:49 UTC] PHP Stack trace:
[02-Oct-2015 01:24:49 UTC] PHP   1. {main}() /home/ubuntu/workspace/Prokop/ISACwc/php/fileworker.php:0
[02-Oct-2015 01:24:49 UTC] PHP   2. danceWithJson() /home/ubuntu/workspace/Prokop/ISACwc/php/fileworker.php:124
[02-Oct-2015 01:24:49 UTC] PHP   3. substr_count() /home/ubuntu/workspace/Prokop/ISACwc/php/fileworker.php:82
